
*** Running vivado
    with args -log design_1_ov7670_IF_0_0.vds -m64 -product Vivado -mode batch -messageDb vivado.pb -notrace -source design_1_ov7670_IF_0_0.tcl


****** Vivado v2019.2 (64-bit)
  **** SW Build 2708876 on Wed Nov  6 21:40:23 MST 2019
  **** IP Build 2700528 on Thu Nov  7 00:09:20 MST 2019
    ** Copyright 1986-2019 Xilinx, Inc. All Rights Reserved.

source design_1_ov7670_IF_0_0.tcl -notrace
Command: synth_design -top design_1_ov7670_IF_0_0 -part xc7z020clg400-1 -mode out_of_context
Starting synth_design
WARNING: [IP_Flow 19-3571] IP 'design_1_ov7670_IF_0_0' is restricted:
* Module reference is stale and needs refreshing.
Attempting to get a license for feature 'Synthesis' and/or device 'xc7z020'
INFO: [Common 17-349] Got license for feature 'Synthesis' and/or device 'xc7z020'
INFO: [Device 21-403] Loading part xc7z020clg400-1
INFO: Launching helper process for spawning children vivado processes
INFO: Helper process launched with PID 13172 
---------------------------------------------------------------------------------
Starting RTL Elaboration : Time (s): cpu = 00:00:05 ; elapsed = 00:00:05 . Memory (MB): peak = 1021.602 ; gain = 235.027
---------------------------------------------------------------------------------
INFO: [Synth 8-6157] synthesizing module 'design_1_ov7670_IF_0_0' [c:/Users/ivr/Documents/GitHub/Zybo_OV7670/OV7670_VGA/OV7670_VGA.srcs/sources_1/bd/design_1/ip/design_1_ov7670_IF_0_0/synth/design_1_ov7670_IF_0_0.v:58]
INFO: [Synth 8-6157] synthesizing module 'ov7670_IF' [C:/Users/ivr/Documents/GitHub/Zybo_OV7670/OV7670_VGA/OV7670_VGA.srcs/sources_1/new/ov7670_IF.v:23]
INFO: [Synth 8-6155] done synthesizing module 'ov7670_IF' (1#1) [C:/Users/ivr/Documents/GitHub/Zybo_OV7670/OV7670_VGA/OV7670_VGA.srcs/sources_1/new/ov7670_IF.v:23]
INFO: [Synth 8-6155] done synthesizing module 'design_1_ov7670_IF_0_0' (2#1) [c:/Users/ivr/Documents/GitHub/Zybo_OV7670/OV7670_VGA/OV7670_VGA.srcs/sources_1/bd/design_1/ip/design_1_ov7670_IF_0_0/synth/design_1_ov7670_IF_0_0.v:58]
---------------------------------------------------------------------------------
Finished RTL Elaboration : Time (s): cpu = 00:00:07 ; elapsed = 00:00:07 . Memory (MB): peak = 1097.457 ; gain = 310.883
---------------------------------------------------------------------------------

Report Check Netlist: 
+------+------------------+-------+---------+-------+------------------+
|      |Item              |Errors |Warnings |Status |Description       |
+------+------------------+-------+---------+-------+------------------+
|1     |multi_driven_nets |      0|        0|Passed |Multi driven nets |
+------+------------------+-------+---------+-------+------------------+
---------------------------------------------------------------------------------
Start Handling Custom Attributes
---------------------------------------------------------------------------------
---------------------------------------------------------------------------------
Finished Handling Custom Attributes : Time (s): cpu = 00:00:07 ; elapsed = 00:00:08 . Memory (MB): peak = 1097.457 ; gain = 310.883
---------------------------------------------------------------------------------
---------------------------------------------------------------------------------
Finished RTL Optimization Phase 1 : Time (s): cpu = 00:00:07 ; elapsed = 00:00:08 . Memory (MB): peak = 1097.457 ; gain = 310.883
---------------------------------------------------------------------------------
Netlist sorting complete. Time (s): cpu = 00:00:00 ; elapsed = 00:00:00.003 . Memory (MB): peak = 1097.457 ; gain = 0.000
INFO: [Project 1-570] Preparing netlist for logic optimization

Processing XDC Constraints
Initializing timing engine
Completed Processing XDC Constraints

Netlist sorting complete. Time (s): cpu = 00:00:00 ; elapsed = 00:00:00 . Memory (MB): peak = 1178.805 ; gain = 0.000
INFO: [Project 1-111] Unisim Transformation Summary:
No Unisim elements were transformed.

WARNING: [Constraints 18-5210] No constraints selected for write.
Resolution: This message can indicate that there are no constraints for the design, or it can indicate that the used_in flags are set such that the constraints are ignored. This later case is used when running synth_design to not write synthesis constraints to the resulting checkpoint. Instead, project constraints are read when the synthesized design is opened.
Constraint Validation Runtime : Time (s): cpu = 00:00:00 ; elapsed = 00:00:00.076 . Memory (MB): peak = 1180.875 ; gain = 2.070
---------------------------------------------------------------------------------
Finished Constraint Validation : Time (s): cpu = 00:00:14 ; elapsed = 00:00:16 . Memory (MB): peak = 1180.875 ; gain = 394.301
---------------------------------------------------------------------------------
---------------------------------------------------------------------------------
Start Loading Part and Timing Information
---------------------------------------------------------------------------------
Loading part: xc7z020clg400-1
---------------------------------------------------------------------------------
Finished Loading Part and Timing Information : Time (s): cpu = 00:00:14 ; elapsed = 00:00:16 . Memory (MB): peak = 1180.875 ; gain = 394.301
---------------------------------------------------------------------------------
---------------------------------------------------------------------------------
Start Applying 'set_property' XDC Constraints
---------------------------------------------------------------------------------
---------------------------------------------------------------------------------
Finished applying 'set_property' XDC Constraints : Time (s): cpu = 00:00:14 ; elapsed = 00:00:16 . Memory (MB): peak = 1180.875 ; gain = 394.301
---------------------------------------------------------------------------------
---------------------------------------------------------------------------------
Finished RTL Optimization Phase 2 : Time (s): cpu = 00:00:15 ; elapsed = 00:00:16 . Memory (MB): peak = 1180.875 ; gain = 394.301
---------------------------------------------------------------------------------

Report RTL Partitions: 
+-+--------------+------------+----------+
| |RTL Partition |Replication |Instances |
+-+--------------+------------+----------+
+-+--------------+------------+----------+
---------------------------------------------------------------------------------
Start RTL Component Statistics 
---------------------------------------------------------------------------------
Detailed RTL Component Info : 
+---Adders : 
	   2 Input     10 Bit       Adders := 2     
+---Registers : 
	               12 Bit    Registers := 1     
	                1 Bit    Registers := 3     
+---Muxes : 
	   2 Input     12 Bit        Muxes := 2     
	   3 Input     12 Bit        Muxes := 1     
	   2 Input      5 Bit        Muxes := 2     
	   2 Input      1 Bit        Muxes := 1     
---------------------------------------------------------------------------------
Finished RTL Component Statistics 
---------------------------------------------------------------------------------
---------------------------------------------------------------------------------
Start RTL Hierarchical Component Statistics 
---------------------------------------------------------------------------------
Hierarchical RTL Component report 
Module ov7670_IF 
Detailed RTL Component Info : 
+---Adders : 
	   2 Input     10 Bit       Adders := 2     
+---Registers : 
	               12 Bit    Registers := 1     
	                1 Bit    Registers := 3     
+---Muxes : 
	   2 Input     12 Bit        Muxes := 2     
	   3 Input     12 Bit        Muxes := 1     
	   2 Input      5 Bit        Muxes := 2     
	   2 Input      1 Bit        Muxes := 1     
---------------------------------------------------------------------------------
Finished RTL Hierarchical Component Statistics
---------------------------------------------------------------------------------
---------------------------------------------------------------------------------
Start Part Resource Summary
---------------------------------------------------------------------------------
Part Resources:
DSPs: 220 (col length:60)
BRAMs: 280 (col length: RAMB18 60 RAMB36 30)
---------------------------------------------------------------------------------
Finished Part Resource Summary
---------------------------------------------------------------------------------
---------------------------------------------------------------------------------
Start Cross Boundary and Area Optimization
---------------------------------------------------------------------------------
Warning: Parallel synthesis criteria is not met 
DSP Report: Generating DSP inst/ADDR, operation Mode is: C+A*(B:0x280).
DSP Report: operator inst/ADDR is absorbed into DSP inst/ADDR.
DSP Report: operator inst/ADDR0 is absorbed into DSP inst/ADDR.
INFO: [Synth 8-3333] propagating constant 1 across sequential element (\inst/ENA_reg )
CRITICAL WARNING: [Synth 8-6859] multi-driven net on pin Q with 1st driver pin 'inst/VCNT_reg[9]/Q' [C:/Users/ivr/Documents/GitHub/Zybo_OV7670/OV7670_VGA/OV7670_VGA.srcs/sources_1/new/ov7670_IF.v:81]
CRITICAL WARNING: [Synth 8-6859] multi-driven net on pin Q with 2nd driver pin 'GND' [C:/Users/ivr/Documents/GitHub/Zybo_OV7670/OV7670_VGA/OV7670_VGA.srcs/sources_1/new/ov7670_IF.v:81]
CRITICAL WARNING: [Synth 8-6858] multi-driven net Q is connected to at least one constant driver which has been preserved, other driver is ignored [C:/Users/ivr/Documents/GitHub/Zybo_OV7670/OV7670_VGA/OV7670_VGA.srcs/sources_1/new/ov7670_IF.v:81]
CRITICAL WARNING: [Synth 8-6859] multi-driven net on pin Q with 1st driver pin 'inst/VCNT_reg[8]/Q' [C:/Users/ivr/Documents/GitHub/Zybo_OV7670/OV7670_VGA/OV7670_VGA.srcs/sources_1/new/ov7670_IF.v:81]
CRITICAL WARNING: [Synth 8-6859] multi-driven net on pin Q with 2nd driver pin 'GND' [C:/Users/ivr/Documents/GitHub/Zybo_OV7670/OV7670_VGA/OV7670_VGA.srcs/sources_1/new/ov7670_IF.v:81]
CRITICAL WARNING: [Synth 8-6858] multi-driven net Q is connected to at least one constant driver which has been preserved, other driver is ignored [C:/Users/ivr/Documents/GitHub/Zybo_OV7670/OV7670_VGA/OV7670_VGA.srcs/sources_1/new/ov7670_IF.v:81]
CRITICAL WARNING: [Synth 8-6859] multi-driven net on pin Q with 1st driver pin 'inst/VCNT_reg[7]/Q' [C:/Users/ivr/Documents/GitHub/Zybo_OV7670/OV7670_VGA/OV7670_VGA.srcs/sources_1/new/ov7670_IF.v:81]
CRITICAL WARNING: [Synth 8-6859] multi-driven net on pin Q with 2nd driver pin 'GND' [C:/Users/ivr/Documents/GitHub/Zybo_OV7670/OV7670_VGA/OV7670_VGA.srcs/sources_1/new/ov7670_IF.v:81]
CRITICAL WARNING: [Synth 8-6858] multi-driven net Q is connected to at least one constant driver which has been preserved, other driver is ignored [C:/Users/ivr/Documents/GitHub/Zybo_OV7670/OV7670_VGA/OV7670_VGA.srcs/sources_1/new/ov7670_IF.v:81]
CRITICAL WARNING: [Synth 8-6859] multi-driven net on pin Q with 1st driver pin 'inst/VCNT_reg[6]/Q' [C:/Users/ivr/Documents/GitHub/Zybo_OV7670/OV7670_VGA/OV7670_VGA.srcs/sources_1/new/ov7670_IF.v:81]
CRITICAL WARNING: [Synth 8-6859] multi-driven net on pin Q with 2nd driver pin 'GND' [C:/Users/ivr/Documents/GitHub/Zybo_OV7670/OV7670_VGA/OV7670_VGA.srcs/sources_1/new/ov7670_IF.v:81]
CRITICAL WARNING: [Synth 8-6858] multi-driven net Q is connected to at least one constant driver which has been preserved, other driver is ignored [C:/Users/ivr/Documents/GitHub/Zybo_OV7670/OV7670_VGA/OV7670_VGA.srcs/sources_1/new/ov7670_IF.v:81]
CRITICAL WARNING: [Synth 8-6859] multi-driven net on pin Q with 1st driver pin 'inst/VCNT_reg[5]/Q' [C:/Users/ivr/Documents/GitHub/Zybo_OV7670/OV7670_VGA/OV7670_VGA.srcs/sources_1/new/ov7670_IF.v:81]
CRITICAL WARNING: [Synth 8-6859] multi-driven net on pin Q with 2nd driver pin 'GND' [C:/Users/ivr/Documents/GitHub/Zybo_OV7670/OV7670_VGA/OV7670_VGA.srcs/sources_1/new/ov7670_IF.v:81]
CRITICAL WARNING: [Synth 8-6858] multi-driven net Q is connected to at least one constant driver which has been preserved, other driver is ignored [C:/Users/ivr/Documents/GitHub/Zybo_OV7670/OV7670_VGA/OV7670_VGA.srcs/sources_1/new/ov7670_IF.v:81]
CRITICAL WARNING: [Synth 8-6859] multi-driven net on pin Q with 1st driver pin 'inst/VCNT_reg[4]/Q' [C:/Users/ivr/Documents/GitHub/Zybo_OV7670/OV7670_VGA/OV7670_VGA.srcs/sources_1/new/ov7670_IF.v:81]
CRITICAL WARNING: [Synth 8-6859] multi-driven net on pin Q with 2nd driver pin 'GND' [C:/Users/ivr/Documents/GitHub/Zybo_OV7670/OV7670_VGA/OV7670_VGA.srcs/sources_1/new/ov7670_IF.v:81]
CRITICAL WARNING: [Synth 8-6858] multi-driven net Q is connected to at least one constant driver which has been preserved, other driver is ignored [C:/Users/ivr/Documents/GitHub/Zybo_OV7670/OV7670_VGA/OV7670_VGA.srcs/sources_1/new/ov7670_IF.v:81]
CRITICAL WARNING: [Synth 8-6859] multi-driven net on pin Q with 1st driver pin 'inst/VCNT_reg[3]/Q' [C:/Users/ivr/Documents/GitHub/Zybo_OV7670/OV7670_VGA/OV7670_VGA.srcs/sources_1/new/ov7670_IF.v:81]
CRITICAL WARNING: [Synth 8-6859] multi-driven net on pin Q with 2nd driver pin 'GND' [C:/Users/ivr/Documents/GitHub/Zybo_OV7670/OV7670_VGA/OV7670_VGA.srcs/sources_1/new/ov7670_IF.v:81]
CRITICAL WARNING: [Synth 8-6858] multi-driven net Q is connected to at least one constant driver which has been preserved, other driver is ignored [C:/Users/ivr/Documents/GitHub/Zybo_OV7670/OV7670_VGA/OV7670_VGA.srcs/sources_1/new/ov7670_IF.v:81]
CRITICAL WARNING: [Synth 8-6859] multi-driven net on pin Q with 1st driver pin 'inst/VCNT_reg[2]/Q' [C:/Users/ivr/Documents/GitHub/Zybo_OV7670/OV7670_VGA/OV7670_VGA.srcs/sources_1/new/ov7670_IF.v:81]
CRITICAL WARNING: [Synth 8-6859] multi-driven net on pin Q with 2nd driver pin 'GND' [C:/Users/ivr/Documents/GitHub/Zybo_OV7670/OV7670_VGA/OV7670_VGA.srcs/sources_1/new/ov7670_IF.v:81]
CRITICAL WARNING: [Synth 8-6858] multi-driven net Q is connected to at least one constant driver which has been preserved, other driver is ignored [C:/Users/ivr/Documents/GitHub/Zybo_OV7670/OV7670_VGA/OV7670_VGA.srcs/sources_1/new/ov7670_IF.v:81]
CRITICAL WARNING: [Synth 8-6859] multi-driven net on pin Q with 1st driver pin 'inst/VCNT_reg[1]/Q' [C:/Users/ivr/Documents/GitHub/Zybo_OV7670/OV7670_VGA/OV7670_VGA.srcs/sources_1/new/ov7670_IF.v:81]
CRITICAL WARNING: [Synth 8-6859] multi-driven net on pin Q with 2nd driver pin 'GND' [C:/Users/ivr/Documents/GitHub/Zybo_OV7670/OV7670_VGA/OV7670_VGA.srcs/sources_1/new/ov7670_IF.v:81]
CRITICAL WARNING: [Synth 8-6858] multi-driven net Q is connected to at least one constant driver which has been preserved, other driver is ignored [C:/Users/ivr/Documents/GitHub/Zybo_OV7670/OV7670_VGA/OV7670_VGA.srcs/sources_1/new/ov7670_IF.v:81]
CRITICAL WARNING: [Synth 8-6859] multi-driven net on pin Q with 1st driver pin 'inst/VCNT_reg[0]__0/Q' [C:/Users/ivr/Documents/GitHub/Zybo_OV7670/OV7670_VGA/OV7670_VGA.srcs/sources_1/new/ov7670_IF.v:38]
CRITICAL WARNING: [Synth 8-6859] multi-driven net on pin Q with 2nd driver pin 'GND' [C:/Users/ivr/Documents/GitHub/Zybo_OV7670/OV7670_VGA/OV7670_VGA.srcs/sources_1/new/ov7670_IF.v:38]
CRITICAL WARNING: [Synth 8-6858] multi-driven net Q is connected to at least one constant driver which has been preserved, other driver is ignored [C:/Users/ivr/Documents/GitHub/Zybo_OV7670/OV7670_VGA/OV7670_VGA.srcs/sources_1/new/ov7670_IF.v:38]
---------------------------------------------------------------------------------
Finished Cross Boundary and Area Optimization : Time (s): cpu = 00:00:17 ; elapsed = 00:00:19 . Memory (MB): peak = 1180.875 ; gain = 394.301
---------------------------------------------------------------------------------
---------------------------------------------------------------------------------
Start ROM, RAM, DSP and Shift Register Reporting
---------------------------------------------------------------------------------

DSP: Preliminary Mapping	Report (see note below)
+------------+---------------+--------+--------+--------+--------+--------+------+------+------+------+-------+------+------+
|Module Name | DSP Mapping   | A Size | B Size | C Size | D Size | P Size | AREG | BREG | CREG | DREG | ADREG | MREG | PREG | 
+------------+---------------+--------+--------+--------+--------+--------+------+------+------+------+-------+------+------+
|ov7670_IF   | C+A*(B:0x280) | 10     | 10     | 10     | -      | 19     | 0    | 0    | 0    | -    | -     | 0    | 0    | 
+------------+---------------+--------+--------+--------+--------+--------+------+------+------+------+-------+------+------+

Note: The table above is a preliminary report that shows the DSPs inferred at the current stage of the synthesis flow. Some DSP may be reimplemented as non DSP primitives later in the synthesis flow. Multiple instantiated DSPs are reported only once.
---------------------------------------------------------------------------------
Finished ROM, RAM, DSP and Shift Register Reporting
---------------------------------------------------------------------------------

Report RTL Partitions: 
+-+--------------+------------+----------+
| |RTL Partition |Replication |Instances |
+-+--------------+------------+----------+
+-+--------------+------------+----------+
---------------------------------------------------------------------------------
Start Applying XDC Timing Constraints
---------------------------------------------------------------------------------
---------------------------------------------------------------------------------
Finished Applying XDC Timing Constraints : Time (s): cpu = 00:00:32 ; elapsed = 00:00:34 . Memory (MB): peak = 1216.637 ; gain = 430.063
---------------------------------------------------------------------------------
---------------------------------------------------------------------------------
Start Timing Optimization
---------------------------------------------------------------------------------
---------------------------------------------------------------------------------
Finished Timing Optimization : Time (s): cpu = 00:00:32 ; elapsed = 00:00:34 . Memory (MB): peak = 1216.637 ; gain = 430.063
---------------------------------------------------------------------------------

Report RTL Partitions: 
+-+--------------+------------+----------+
| |RTL Partition |Replication |Instances |
+-+--------------+------------+----------+
+-+--------------+------------+----------+
---------------------------------------------------------------------------------
Start Technology Mapping
---------------------------------------------------------------------------------
---------------------------------------------------------------------------------
Finished Technology Mapping : Time (s): cpu = 00:00:32 ; elapsed = 00:00:34 . Memory (MB): peak = 1236.281 ; gain = 449.707
---------------------------------------------------------------------------------

Report RTL Partitions: 
+-+--------------+------------+----------+
| |RTL Partition |Replication |Instances |
+-+--------------+------------+----------+
+-+--------------+------------+----------+
---------------------------------------------------------------------------------
Start IO Insertion
---------------------------------------------------------------------------------
---------------------------------------------------------------------------------
Start Flattening Before IO Insertion
---------------------------------------------------------------------------------
---------------------------------------------------------------------------------
Finished Flattening Before IO Insertion
---------------------------------------------------------------------------------
---------------------------------------------------------------------------------
Start Final Netlist Cleanup
---------------------------------------------------------------------------------
---------------------------------------------------------------------------------
Finished Final Netlist Cleanup
---------------------------------------------------------------------------------
---------------------------------------------------------------------------------
Finished IO Insertion : Time (s): cpu = 00:00:38 ; elapsed = 00:00:40 . Memory (MB): peak = 1242.059 ; gain = 455.484
---------------------------------------------------------------------------------
---------------------------------------------------------------------------------
Start Renaming Generated Instances
---------------------------------------------------------------------------------
---------------------------------------------------------------------------------
Finished Renaming Generated Instances : Time (s): cpu = 00:00:38 ; elapsed = 00:00:40 . Memory (MB): peak = 1242.059 ; gain = 455.484
---------------------------------------------------------------------------------

Report RTL Partitions: 
+-+--------------+------------+----------+
| |RTL Partition |Replication |Instances |
+-+--------------+------------+----------+
+-+--------------+------------+----------+
CRITICAL WARNING: [Synth 8-6859] multi-driven net on pin inst/HCNT[9] with 1st driver pin 'inst/HCNT_reg[9]__1/Q' [C:/Users/ivr/Documents/GitHub/Zybo_OV7670/OV7670_VGA/OV7670_VGA.srcs/sources_1/new/ov7670_IF.v:38]
CRITICAL WARNING: [Synth 8-6859] multi-driven net on pin inst/HCNT[9] with 2nd driver pin 'inst/HCNT_reg[9]__0/Q' [C:/Users/ivr/Documents/GitHub/Zybo_OV7670/OV7670_VGA/OV7670_VGA.srcs/sources_1/new/ov7670_IF.v:71]
CRITICAL WARNING: [Synth 8-6859] multi-driven net on pin inst/HCNT[9] with 3rd driver pin 'inst/HCNT_reg[9]/Q' [C:/Users/ivr/Documents/GitHub/Zybo_OV7670/OV7670_VGA/OV7670_VGA.srcs/sources_1/new/ov7670_IF.v:88]
CRITICAL WARNING: [Synth 8-6859] multi-driven net on pin inst/HCNT[8] with 1st driver pin 'inst/HCNT_reg[8]__1/Q' [C:/Users/ivr/Documents/GitHub/Zybo_OV7670/OV7670_VGA/OV7670_VGA.srcs/sources_1/new/ov7670_IF.v:38]
CRITICAL WARNING: [Synth 8-6859] multi-driven net on pin inst/HCNT[8] with 2nd driver pin 'inst/HCNT_reg[8]__0/Q' [C:/Users/ivr/Documents/GitHub/Zybo_OV7670/OV7670_VGA/OV7670_VGA.srcs/sources_1/new/ov7670_IF.v:71]
CRITICAL WARNING: [Synth 8-6859] multi-driven net on pin inst/HCNT[8] with 3rd driver pin 'inst/HCNT_reg[8]/Q' [C:/Users/ivr/Documents/GitHub/Zybo_OV7670/OV7670_VGA/OV7670_VGA.srcs/sources_1/new/ov7670_IF.v:88]
CRITICAL WARNING: [Synth 8-6859] multi-driven net on pin inst/HCNT[7] with 1st driver pin 'inst/HCNT_reg[7]__1/Q' [C:/Users/ivr/Documents/GitHub/Zybo_OV7670/OV7670_VGA/OV7670_VGA.srcs/sources_1/new/ov7670_IF.v:38]
CRITICAL WARNING: [Synth 8-6859] multi-driven net on pin inst/HCNT[7] with 2nd driver pin 'inst/HCNT_reg[7]__0/Q' [C:/Users/ivr/Documents/GitHub/Zybo_OV7670/OV7670_VGA/OV7670_VGA.srcs/sources_1/new/ov7670_IF.v:71]
CRITICAL WARNING: [Synth 8-6859] multi-driven net on pin inst/HCNT[7] with 3rd driver pin 'inst/HCNT_reg[7]/Q' [C:/Users/ivr/Documents/GitHub/Zybo_OV7670/OV7670_VGA/OV7670_VGA.srcs/sources_1/new/ov7670_IF.v:88]
CRITICAL WARNING: [Synth 8-6859] multi-driven net on pin inst/HCNT[6] with 1st driver pin 'inst/HCNT_reg[6]__1/Q' [C:/Users/ivr/Documents/GitHub/Zybo_OV7670/OV7670_VGA/OV7670_VGA.srcs/sources_1/new/ov7670_IF.v:38]
CRITICAL WARNING: [Synth 8-6859] multi-driven net on pin inst/HCNT[6] with 2nd driver pin 'inst/HCNT_reg[6]__0/Q' [C:/Users/ivr/Documents/GitHub/Zybo_OV7670/OV7670_VGA/OV7670_VGA.srcs/sources_1/new/ov7670_IF.v:71]
CRITICAL WARNING: [Synth 8-6859] multi-driven net on pin inst/HCNT[6] with 3rd driver pin 'inst/HCNT_reg[6]/Q' [C:/Users/ivr/Documents/GitHub/Zybo_OV7670/OV7670_VGA/OV7670_VGA.srcs/sources_1/new/ov7670_IF.v:88]
CRITICAL WARNING: [Synth 8-6859] multi-driven net on pin inst/HCNT[5] with 1st driver pin 'inst/HCNT_reg[5]__1/Q' [C:/Users/ivr/Documents/GitHub/Zybo_OV7670/OV7670_VGA/OV7670_VGA.srcs/sources_1/new/ov7670_IF.v:38]
CRITICAL WARNING: [Synth 8-6859] multi-driven net on pin inst/HCNT[5] with 2nd driver pin 'inst/HCNT_reg[5]__0/Q' [C:/Users/ivr/Documents/GitHub/Zybo_OV7670/OV7670_VGA/OV7670_VGA.srcs/sources_1/new/ov7670_IF.v:71]
CRITICAL WARNING: [Synth 8-6859] multi-driven net on pin inst/HCNT[5] with 3rd driver pin 'inst/HCNT_reg[5]/Q' [C:/Users/ivr/Documents/GitHub/Zybo_OV7670/OV7670_VGA/OV7670_VGA.srcs/sources_1/new/ov7670_IF.v:88]
CRITICAL WARNING: [Synth 8-6859] multi-driven net on pin inst/HCNT[4] with 1st driver pin 'inst/HCNT_reg[4]__1/Q' [C:/Users/ivr/Documents/GitHub/Zybo_OV7670/OV7670_VGA/OV7670_VGA.srcs/sources_1/new/ov7670_IF.v:38]
CRITICAL WARNING: [Synth 8-6859] multi-driven net on pin inst/HCNT[4] with 2nd driver pin 'inst/HCNT_reg[4]__0/Q' [C:/Users/ivr/Documents/GitHub/Zybo_OV7670/OV7670_VGA/OV7670_VGA.srcs/sources_1/new/ov7670_IF.v:71]
CRITICAL WARNING: [Synth 8-6859] multi-driven net on pin inst/HCNT[4] with 3rd driver pin 'inst/HCNT_reg[4]/Q' [C:/Users/ivr/Documents/GitHub/Zybo_OV7670/OV7670_VGA/OV7670_VGA.srcs/sources_1/new/ov7670_IF.v:88]
CRITICAL WARNING: [Synth 8-6859] multi-driven net on pin inst/HCNT[3] with 1st driver pin 'inst/HCNT_reg[3]__1/Q' [C:/Users/ivr/Documents/GitHub/Zybo_OV7670/OV7670_VGA/OV7670_VGA.srcs/sources_1/new/ov7670_IF.v:38]
CRITICAL WARNING: [Synth 8-6859] multi-driven net on pin inst/HCNT[3] with 2nd driver pin 'inst/HCNT_reg[3]__0/Q' [C:/Users/ivr/Documents/GitHub/Zybo_OV7670/OV7670_VGA/OV7670_VGA.srcs/sources_1/new/ov7670_IF.v:71]
CRITICAL WARNING: [Synth 8-6859] multi-driven net on pin inst/HCNT[3] with 3rd driver pin 'inst/HCNT_reg[3]/Q' [C:/Users/ivr/Documents/GitHub/Zybo_OV7670/OV7670_VGA/OV7670_VGA.srcs/sources_1/new/ov7670_IF.v:88]
CRITICAL WARNING: [Synth 8-6859] multi-driven net on pin inst/HCNT[2] with 1st driver pin 'inst/HCNT_reg[2]__1/Q' [C:/Users/ivr/Documents/GitHub/Zybo_OV7670/OV7670_VGA/OV7670_VGA.srcs/sources_1/new/ov7670_IF.v:38]
CRITICAL WARNING: [Synth 8-6859] multi-driven net on pin inst/HCNT[2] with 2nd driver pin 'inst/HCNT_reg[2]__0/Q' [C:/Users/ivr/Documents/GitHub/Zybo_OV7670/OV7670_VGA/OV7670_VGA.srcs/sources_1/new/ov7670_IF.v:71]
CRITICAL WARNING: [Synth 8-6859] multi-driven net on pin inst/HCNT[2] with 3rd driver pin 'inst/HCNT_reg[2]/Q' [C:/Users/ivr/Documents/GitHub/Zybo_OV7670/OV7670_VGA/OV7670_VGA.srcs/sources_1/new/ov7670_IF.v:88]
CRITICAL WARNING: [Synth 8-6859] multi-driven net on pin inst/HCNT[1] with 1st driver pin 'inst/HCNT_reg[1]__1/Q' [C:/Users/ivr/Documents/GitHub/Zybo_OV7670/OV7670_VGA/OV7670_VGA.srcs/sources_1/new/ov7670_IF.v:38]
CRITICAL WARNING: [Synth 8-6859] multi-driven net on pin inst/HCNT[1] with 2nd driver pin 'inst/HCNT_reg[1]__0/Q' [C:/Users/ivr/Documents/GitHub/Zybo_OV7670/OV7670_VGA/OV7670_VGA.srcs/sources_1/new/ov7670_IF.v:71]
CRITICAL WARNING: [Synth 8-6859] multi-driven net on pin inst/HCNT[1] with 3rd driver pin 'inst/HCNT_reg[1]/Q' [C:/Users/ivr/Documents/GitHub/Zybo_OV7670/OV7670_VGA/OV7670_VGA.srcs/sources_1/new/ov7670_IF.v:88]
CRITICAL WARNING: [Synth 8-6859] multi-driven net on pin inst/HCNT[0] with 1st driver pin 'inst/HCNT_reg[0]__1/Q' [C:/Users/ivr/Documents/GitHub/Zybo_OV7670/OV7670_VGA/OV7670_VGA.srcs/sources_1/new/ov7670_IF.v:38]
CRITICAL WARNING: [Synth 8-6859] multi-driven net on pin inst/HCNT[0] with 2nd driver pin 'inst/HCNT_reg[0]__0/Q' [C:/Users/ivr/Documents/GitHub/Zybo_OV7670/OV7670_VGA/OV7670_VGA.srcs/sources_1/new/ov7670_IF.v:71]
CRITICAL WARNING: [Synth 8-6859] multi-driven net on pin inst/HCNT[0] with 3rd driver pin 'inst/HCNT_reg[0]/Q' [C:/Users/ivr/Documents/GitHub/Zybo_OV7670/OV7670_VGA/OV7670_VGA.srcs/sources_1/new/ov7670_IF.v:88]

Report Check Netlist: 
+------+------------------+-------+---------+-------+------------------+
|      |Item              |Errors |Warnings |Status |Description       |
+------+------------------+-------+---------+-------+------------------+
|1     |multi_driven_nets |      0|       10|Failed |Multi driven nets |
+------+------------------+-------+---------+-------+------------------+
---------------------------------------------------------------------------------
Start Rebuilding User Hierarchy
---------------------------------------------------------------------------------
---------------------------------------------------------------------------------
Finished Rebuilding User Hierarchy : Time (s): cpu = 00:00:38 ; elapsed = 00:00:40 . Memory (MB): peak = 1242.059 ; gain = 455.484
---------------------------------------------------------------------------------
---------------------------------------------------------------------------------
Start Renaming Generated Ports
---------------------------------------------------------------------------------
---------------------------------------------------------------------------------
Finished Renaming Generated Ports : Time (s): cpu = 00:00:38 ; elapsed = 00:00:40 . Memory (MB): peak = 1242.059 ; gain = 455.484
---------------------------------------------------------------------------------
---------------------------------------------------------------------------------
Start Handling Custom Attributes
---------------------------------------------------------------------------------
---------------------------------------------------------------------------------
Finished Handling Custom Attributes : Time (s): cpu = 00:00:38 ; elapsed = 00:00:40 . Memory (MB): peak = 1242.059 ; gain = 455.484
---------------------------------------------------------------------------------
---------------------------------------------------------------------------------
Start Renaming Generated Nets
---------------------------------------------------------------------------------
---------------------------------------------------------------------------------
Finished Renaming Generated Nets : Time (s): cpu = 00:00:38 ; elapsed = 00:00:40 . Memory (MB): peak = 1242.059 ; gain = 455.484
---------------------------------------------------------------------------------
---------------------------------------------------------------------------------
Start Writing Synthesis Report
---------------------------------------------------------------------------------

Report BlackBoxes: 
+-+--------------+----------+
| |BlackBox name |Instances |
+-+--------------+----------+
+-+--------------+----------+

Report Cell Usage: 
+------+--------+------+
|      |Cell    |Count |
+------+--------+------+
|1     |DSP48E1 |     1|
|2     |LUT1    |     2|
|3     |LUT2    |     8|
|4     |LUT3    |     5|
|5     |LUT4    |     3|
|6     |LUT5    |     2|
|7     |LUT6    |     2|
|8     |FDRE    |    44|
+------+--------+------+

Report Instance Areas: 
+------+---------+----------+------+
|      |Instance |Module    |Cells |
+------+---------+----------+------+
|1     |top      |          |    67|
|2     |  inst   |ov7670_IF |    67|
+------+---------+----------+------+
---------------------------------------------------------------------------------
Finished Writing Synthesis Report : Time (s): cpu = 00:00:38 ; elapsed = 00:00:40 . Memory (MB): peak = 1242.059 ; gain = 455.484
---------------------------------------------------------------------------------
Synthesis finished with 0 errors, 60 critical warnings and 0 warnings.
Synthesis Optimization Runtime : Time (s): cpu = 00:00:28 ; elapsed = 00:00:38 . Memory (MB): peak = 1242.059 ; gain = 372.066
Synthesis Optimization Complete : Time (s): cpu = 00:00:38 ; elapsed = 00:00:41 . Memory (MB): peak = 1242.059 ; gain = 455.484
INFO: [Project 1-571] Translating synthesized netlist
Netlist sorting complete. Time (s): cpu = 00:00:00 ; elapsed = 00:00:00.001 . Memory (MB): peak = 1250.859 ; gain = 0.000
INFO: [Netlist 29-17] Analyzing 1 Unisim elements for replacement
INFO: [Netlist 29-28] Unisim Transformation completed in 0 CPU seconds
INFO: [Project 1-570] Preparing netlist for logic optimization
INFO: [Opt 31-138] Pushed 0 inverter(s) to 0 load pin(s).
Netlist sorting complete. Time (s): cpu = 00:00:00 ; elapsed = 00:00:00 . Memory (MB): peak = 1250.859 ; gain = 0.000
INFO: [Project 1-111] Unisim Transformation Summary:
No Unisim elements were transformed.

INFO: [Common 17-83] Releasing license: Synthesis
16 Infos, 2 Warnings, 60 Critical Warnings and 0 Errors encountered.
synth_design completed successfully
synth_design: Time (s): cpu = 00:00:46 ; elapsed = 00:00:49 . Memory (MB): peak = 1250.859 ; gain = 764.004
Netlist sorting complete. Time (s): cpu = 00:00:00 ; elapsed = 00:00:00 . Memory (MB): peak = 1250.859 ; gain = 0.000
WARNING: [Constraints 18-5210] No constraints selected for write.
Resolution: This message can indicate that there are no constraints for the design, or it can indicate that the used_in flags are set such that the constraints are ignored. This later case is used when running synth_design to not write synthesis constraints to the resulting checkpoint. Instead, project constraints are read when the synthesized design is opened.
INFO: [Common 17-1381] The checkpoint 'C:/Users/ivr/Documents/GitHub/Zybo_OV7670/OV7670_VGA/OV7670_VGA.runs/design_1_ov7670_IF_0_0_synth_1/design_1_ov7670_IF_0_0.dcp' has been generated.
WARNING: [Common 17-576] 'use_project_ipc' is deprecated. This option is deprecated and no longer used.
Netlist sorting complete. Time (s): cpu = 00:00:00 ; elapsed = 00:00:00.001 . Memory (MB): peak = 1250.859 ; gain = 0.000
WARNING: [Constraints 18-5210] No constraints selected for write.
Resolution: This message can indicate that there are no constraints for the design, or it can indicate that the used_in flags are set such that the constraints are ignored. This later case is used when running synth_design to not write synthesis constraints to the resulting checkpoint. Instead, project constraints are read when the synthesized design is opened.
INFO: [Common 17-1381] The checkpoint 'C:/Users/ivr/Documents/GitHub/Zybo_OV7670/OV7670_VGA/OV7670_VGA.runs/design_1_ov7670_IF_0_0_synth_1/design_1_ov7670_IF_0_0.dcp' has been generated.
INFO: [runtcl-4] Executing : report_utilization -file design_1_ov7670_IF_0_0_utilization_synth.rpt -pb design_1_ov7670_IF_0_0_utilization_synth.pb
INFO: [Common 17-206] Exiting Vivado at Thu Apr 23 01:46:06 2020...
