
*** Running vivado
    with args -log blink.vdi -applog -m64 -product Vivado -messageDb vivado.pb -mode batch -source blink.tcl -notrace


****** Vivado v2019.2 (64-bit)
  **** SW Build 2708876 on Wed Nov  6 21:40:23 MST 2019
  **** IP Build 2700528 on Thu Nov  7 00:09:20 MST 2019
    ** Copyright 1986-2019 Xilinx, Inc. All Rights Reserved.

source blink.tcl -notrace
Command: link_design -top blink -part xc7z020clg400-1
Design is defaulting to srcset: sources_1
Design is defaulting to constrset: constrs_1
INFO: [Device 21-403] Loading part xc7z020clg400-1
Netlist sorting complete. Time (s): cpu = 00:00:00 ; elapsed = 00:00:00.001 . Memory (MB): peak = 780.246 ; gain = 0.000
INFO: [Netlist 29-17] Analyzing 7 Unisim elements for replacement
INFO: [Netlist 29-28] Unisim Transformation completed in 0 CPU seconds
INFO: [Project 1-479] Netlist was created with Vivado 2019.2
INFO: [Project 1-570] Preparing netlist for logic optimization
Parsing XDC File [C:/Users/ivr/Documents/GitHub/Zybo_OV7670/PL_Lchika/PL_Lchika.srcs/constrs_1/new/blink.xdc]
Finished Parsing XDC File [C:/Users/ivr/Documents/GitHub/Zybo_OV7670/PL_Lchika/PL_Lchika.srcs/constrs_1/new/blink.xdc]
INFO: [Opt 31-138] Pushed 0 inverter(s) to 0 load pin(s).
Netlist sorting complete. Time (s): cpu = 00:00:00 ; elapsed = 00:00:00 . Memory (MB): peak = 893.559 ; gain = 0.000
INFO: [Project 1-111] Unisim Transformation Summary:
No Unisim elements were transformed.

7 Infos, 0 Warnings, 0 Critical Warnings and 0 Errors encountered.
link_design completed successfully
link_design: Time (s): cpu = 00:00:07 ; elapsed = 00:00:08 . Memory (MB): peak = 897.578 ; gain = 430.316
Command: opt_design
Attempting to get a license for feature 'Implementation' and/or device 'xc7z020'
INFO: [Common 17-349] Got license for feature 'Implementation' and/or device 'xc7z020'
Running DRC as a precondition to command opt_design

Starting DRC Task
INFO: [DRC 23-27] Running DRC with 2 threads
INFO: [Project 1-461] DRC finished with 0 Errors
INFO: [Project 1-462] Please refer to the DRC report (report_drc) for more information.

Time (s): cpu = 00:00:01 ; elapsed = 00:00:00.673 . Memory (MB): peak = 919.121 ; gain = 21.543

Starting Cache Timing Information Task
INFO: [Timing 38-35] Done setting XDC timing constraints.
Ending Cache Timing Information Task | Checksum: 1936676ac

Time (s): cpu = 00:00:11 ; elapsed = 00:00:11 . Memory (MB): peak = 1426.375 ; gain = 507.254

Starting Logic Optimization Task

Phase 1 Retarget
INFO: [Opt 31-138] Pushed 0 inverter(s) to 0 load pin(s).
INFO: [Opt 31-49] Retargeted 0 cell(s).
Phase 1 Retarget | Checksum: 1936676ac

Time (s): cpu = 00:00:00 ; elapsed = 00:00:00.009 . Memory (MB): peak = 1621.457 ; gain = 0.000
INFO: [Opt 31-389] Phase Retarget created 0 cells and removed 0 cells

Phase 2 Constant propagation
INFO: [Opt 31-138] Pushed 0 inverter(s) to 0 load pin(s).
Phase 2 Constant propagation | Checksum: 1936676ac

Time (s): cpu = 00:00:00 ; elapsed = 00:00:00.010 . Memory (MB): peak = 1621.457 ; gain = 0.000
INFO: [Opt 31-389] Phase Constant propagation created 0 cells and removed 0 cells

Phase 3 Sweep
Phase 3 Sweep | Checksum: df8a2e1d

Time (s): cpu = 00:00:00 ; elapsed = 00:00:00.014 . Memory (MB): peak = 1621.457 ; gain = 0.000
INFO: [Opt 31-389] Phase Sweep created 0 cells and removed 0 cells

Phase 4 BUFG optimization
INFO: [Opt 31-1112] Starts optimizing BUFG(s) with a common MMCM/DPLL/XPLL driver.
INFO: [Opt 31-1112] Starts optimizing BUFG(s) with a common driver.
INFO: [Opt 31-1092] Phase BUFG optimization transformed 0 BUFG(s) to MBUFG(s).
Phase 4 BUFG optimization | Checksum: df8a2e1d

Time (s): cpu = 00:00:00 ; elapsed = 00:00:00.018 . Memory (MB): peak = 1621.457 ; gain = 0.000
INFO: [Opt 31-662] Phase BUFG optimization created 0 cells of which 0 are BUFGs and removed 0 cells.

Phase 5 Shift Register Optimization
INFO: [Opt 31-1064] SRL Remap converted 0 SRLs to 0 registers and converted 0 registers of register chains to 0 SRLs
Phase 5 Shift Register Optimization | Checksum: df8a2e1d

Time (s): cpu = 00:00:00 ; elapsed = 00:00:00.020 . Memory (MB): peak = 1621.457 ; gain = 0.000
INFO: [Opt 31-389] Phase Shift Register Optimization created 0 cells and removed 0 cells

Phase 6 Post Processing Netlist
Phase 6 Post Processing Netlist | Checksum: df8a2e1d

Time (s): cpu = 00:00:00 ; elapsed = 00:00:00.021 . Memory (MB): peak = 1621.457 ; gain = 0.000
INFO: [Opt 31-389] Phase Post Processing Netlist created 0 cells and removed 0 cells
Opt_design Change Summary
=========================


-------------------------------------------------------------------------------------------------------------------------
|  Phase                        |  #Cells created  |  #Cells Removed  |  #Constrained objects preventing optimizations  |
-------------------------------------------------------------------------------------------------------------------------
|  Retarget                     |               0  |               0  |                                              0  |
|  Constant propagation         |               0  |               0  |                                              0  |
|  Sweep                        |               0  |               0  |                                              0  |
|  BUFG optimization            |               0  |               0  |                                              0  |
|  Shift Register Optimization  |               0  |               0  |                                              0  |
|  Post Processing Netlist      |               0  |               0  |                                              0  |
-------------------------------------------------------------------------------------------------------------------------



Starting Connectivity Check Task

Time (s): cpu = 00:00:00 ; elapsed = 00:00:00.001 . Memory (MB): peak = 1621.457 ; gain = 0.000
Ending Logic Optimization Task | Checksum: 19482284d

Time (s): cpu = 00:00:00 ; elapsed = 00:00:00.027 . Memory (MB): peak = 1621.457 ; gain = 0.000

Starting Power Optimization Task
INFO: [Pwropt 34-132] Skipping clock gating for clocks with a period < 2.00 ns.
Ending Power Optimization Task | Checksum: 19482284d

Time (s): cpu = 00:00:00 ; elapsed = 00:00:00.011 . Memory (MB): peak = 1621.457 ; gain = 0.000

Starting Final Cleanup Task
Ending Final Cleanup Task | Checksum: 19482284d

Time (s): cpu = 00:00:00 ; elapsed = 00:00:00 . Memory (MB): peak = 1621.457 ; gain = 0.000

Starting Netlist Obfuscation Task
Netlist sorting complete. Time (s): cpu = 00:00:00 ; elapsed = 00:00:00 . Memory (MB): peak = 1621.457 ; gain = 0.000
Ending Netlist Obfuscation Task | Checksum: 19482284d

Time (s): cpu = 00:00:00 ; elapsed = 00:00:00 . Memory (MB): peak = 1621.457 ; gain = 0.000
INFO: [Common 17-83] Releasing license: Implementation
27 Infos, 0 Warnings, 0 Critical Warnings and 0 Errors encountered.
opt_design completed successfully
opt_design: Time (s): cpu = 00:00:14 ; elapsed = 00:00:14 . Memory (MB): peak = 1621.457 ; gain = 723.879
Netlist sorting complete. Time (s): cpu = 00:00:00 ; elapsed = 00:00:00.001 . Memory (MB): peak = 1621.457 ; gain = 0.000
INFO: [Timing 38-480] Writing timing data to binary archive.
Writing placer database...
Writing XDEF routing.
Writing XDEF routing logical nets.
Writing XDEF routing special nets.
Write XDEF Complete: Time (s): cpu = 00:00:00 ; elapsed = 00:00:00.054 . Memory (MB): peak = 1621.457 ; gain = 0.000
INFO: [Common 17-1381] The checkpoint 'C:/Users/ivr/Documents/GitHub/Zybo_OV7670/PL_Lchika/PL_Lchika.runs/impl_1/blink_opt.dcp' has been generated.
INFO: [runtcl-4] Executing : report_drc -file blink_drc_opted.rpt -pb blink_drc_opted.pb -rpx blink_drc_opted.rpx
Command: report_drc -file blink_drc_opted.rpt -pb blink_drc_opted.pb -rpx blink_drc_opted.rpx
INFO: [IP_Flow 19-234] Refreshing IP repositories
INFO: [IP_Flow 19-1704] No user IP repositories specified
INFO: [IP_Flow 19-2313] Loaded Vivado IP repository 'C:/Xilinx/Vivado/2019.2/data/ip'.
INFO: [DRC 23-27] Running DRC with 2 threads
INFO: [Coretcl 2-168] The results of DRC are in file C:/Users/ivr/Documents/GitHub/Zybo_OV7670/PL_Lchika/PL_Lchika.runs/impl_1/blink_drc_opted.rpt.
report_drc completed successfully
Command: place_design
Attempting to get a license for feature 'Implementation' and/or device 'xc7z020'
INFO: [Common 17-349] Got license for feature 'Implementation' and/or device 'xc7z020'
INFO: [DRC 23-27] Running DRC with 2 threads
INFO: [Vivado_Tcl 4-198] DRC finished with 0 Errors
INFO: [Vivado_Tcl 4-199] Please refer to the DRC report (report_drc) for more information.
Running DRC as a precondition to command place_design
INFO: [DRC 23-27] Running DRC with 2 threads
INFO: [Vivado_Tcl 4-198] DRC finished with 0 Errors
INFO: [Vivado_Tcl 4-199] Please refer to the DRC report (report_drc) for more information.

Starting Placer Task
INFO: [Place 30-611] Multithreading enabled for place_design using a maximum of 2 CPUs

Phase 1 Placer Initialization

Phase 1.1 Placer Initialization Netlist Sorting
Netlist sorting complete. Time (s): cpu = 00:00:00 ; elapsed = 00:00:00 . Memory (MB): peak = 1621.457 ; gain = 0.000
Phase 1.1 Placer Initialization Netlist Sorting | Checksum: 1269667f3

Time (s): cpu = 00:00:00 ; elapsed = 00:00:00.005 . Memory (MB): peak = 1621.457 ; gain = 0.000
Netlist sorting complete. Time (s): cpu = 00:00:00 ; elapsed = 00:00:00 . Memory (MB): peak = 1621.457 ; gain = 0.000

Phase 1.2 IO Placement/ Clock Placement/ Build Placer Device
INFO: [Timing 38-35] Done setting XDC timing constraints.
Phase 1.2 IO Placement/ Clock Placement/ Build Placer Device | Checksum: 1b7d7a4d1

Time (s): cpu = 00:00:00 ; elapsed = 00:00:00.453 . Memory (MB): peak = 1625.250 ; gain = 3.793

Phase 1.3 Build Placer Netlist Model
Phase 1.3 Build Placer Netlist Model | Checksum: 2a0f91794

Time (s): cpu = 00:00:00 ; elapsed = 00:00:00.475 . Memory (MB): peak = 1625.250 ; gain = 3.793

Phase 1.4 Constrain Clocks/Macros
Phase 1.4 Constrain Clocks/Macros | Checksum: 2a0f91794

Time (s): cpu = 00:00:00 ; elapsed = 00:00:00.477 . Memory (MB): peak = 1625.250 ; gain = 3.793
Phase 1 Placer Initialization | Checksum: 2a0f91794

Time (s): cpu = 00:00:00 ; elapsed = 00:00:00.479 . Memory (MB): peak = 1625.250 ; gain = 3.793

Phase 2 Global Placement

Phase 2.1 Floorplanning
Phase 2.1 Floorplanning | Checksum: 2a0f91794

Time (s): cpu = 00:00:00 ; elapsed = 00:00:00.482 . Memory (MB): peak = 1625.250 ; gain = 3.793

Phase 2.2 Global Placement Core
WARNING: [Place 46-29] place_design is not in timing mode. Skip physical synthesis in placer
Phase 2.2 Global Placement Core | Checksum: 2afd2e096

Time (s): cpu = 00:00:01 ; elapsed = 00:00:00.893 . Memory (MB): peak = 1625.250 ; gain = 3.793
Phase 2 Global Placement | Checksum: 2afd2e096

Time (s): cpu = 00:00:01 ; elapsed = 00:00:00.901 . Memory (MB): peak = 1625.250 ; gain = 3.793

Phase 3 Detail Placement

Phase 3.1 Commit Multi Column Macros
Phase 3.1 Commit Multi Column Macros | Checksum: 2afd2e096

Time (s): cpu = 00:00:01 ; elapsed = 00:00:00.905 . Memory (MB): peak = 1625.250 ; gain = 3.793

Phase 3.2 Commit Most Macros & LUTRAMs
Phase 3.2 Commit Most Macros & LUTRAMs | Checksum: 241383a9c

Time (s): cpu = 00:00:01 ; elapsed = 00:00:00.914 . Memory (MB): peak = 1625.250 ; gain = 3.793

Phase 3.3 Area Swap Optimization
Phase 3.3 Area Swap Optimization | Checksum: 1ab5d4810

Time (s): cpu = 00:00:01 ; elapsed = 00:00:00.925 . Memory (MB): peak = 1625.250 ; gain = 3.793

Phase 3.4 Pipeline Register Optimization
Phase 3.4 Pipeline Register Optimization | Checksum: 1ab5d4810

Time (s): cpu = 00:00:01 ; elapsed = 00:00:00.926 . Memory (MB): peak = 1625.250 ; gain = 3.793

Phase 3.5 Small Shape Detail Placement
Phase 3.5 Small Shape Detail Placement | Checksum: 2035a9fa6

Time (s): cpu = 00:00:01 ; elapsed = 00:00:01 . Memory (MB): peak = 1625.250 ; gain = 3.793

Phase 3.6 Re-assign LUT pins
Phase 3.6 Re-assign LUT pins | Checksum: 2035a9fa6

Time (s): cpu = 00:00:01 ; elapsed = 00:00:01 . Memory (MB): peak = 1625.250 ; gain = 3.793

Phase 3.7 Pipeline Register Optimization
Phase 3.7 Pipeline Register Optimization | Checksum: 2035a9fa6

Time (s): cpu = 00:00:01 ; elapsed = 00:00:01 . Memory (MB): peak = 1625.250 ; gain = 3.793
Phase 3 Detail Placement | Checksum: 2035a9fa6

Time (s): cpu = 00:00:01 ; elapsed = 00:00:01 . Memory (MB): peak = 1625.250 ; gain = 3.793

Phase 4 Post Placement Optimization and Clean-Up

Phase 4.1 Post Commit Optimization
Phase 4.1 Post Commit Optimization | Checksum: 2035a9fa6

Time (s): cpu = 00:00:01 ; elapsed = 00:00:01 . Memory (MB): peak = 1625.250 ; gain = 3.793

Phase 4.2 Post Placement Cleanup
Phase 4.2 Post Placement Cleanup | Checksum: 2035a9fa6

Time (s): cpu = 00:00:01 ; elapsed = 00:00:01 . Memory (MB): peak = 1625.250 ; gain = 3.793

Phase 4.3 Placer Reporting
Phase 4.3 Placer Reporting | Checksum: 2035a9fa6

Time (s): cpu = 00:00:01 ; elapsed = 00:00:01 . Memory (MB): peak = 1625.250 ; gain = 3.793

Phase 4.4 Final Placement Cleanup
Netlist sorting complete. Time (s): cpu = 00:00:00 ; elapsed = 00:00:00 . Memory (MB): peak = 1625.250 ; gain = 0.000
Phase 4.4 Final Placement Cleanup | Checksum: 1e305f446

Time (s): cpu = 00:00:01 ; elapsed = 00:00:01 . Memory (MB): peak = 1625.250 ; gain = 3.793
Phase 4 Post Placement Optimization and Clean-Up | Checksum: 1e305f446

Time (s): cpu = 00:00:01 ; elapsed = 00:00:01 . Memory (MB): peak = 1625.250 ; gain = 3.793
Ending Placer Task | Checksum: 16c52ea08

Time (s): cpu = 00:00:01 ; elapsed = 00:00:01 . Memory (MB): peak = 1625.250 ; gain = 3.793
INFO: [Common 17-83] Releasing license: Implementation
45 Infos, 1 Warnings, 0 Critical Warnings and 0 Errors encountered.
place_design completed successfully
Netlist sorting complete. Time (s): cpu = 00:00:00 ; elapsed = 00:00:00 . Memory (MB): peak = 1625.250 ; gain = 0.000
INFO: [Timing 38-480] Writing timing data to binary archive.
Writing placer database...
Writing XDEF routing.
Writing XDEF routing logical nets.
Writing XDEF routing special nets.
Write XDEF Complete: Time (s): cpu = 00:00:00 ; elapsed = 00:00:00.068 . Memory (MB): peak = 1637.656 ; gain = 12.406
INFO: [Common 17-1381] The checkpoint 'C:/Users/ivr/Documents/GitHub/Zybo_OV7670/PL_Lchika/PL_Lchika.runs/impl_1/blink_placed.dcp' has been generated.
INFO: [runtcl-4] Executing : report_io -file blink_io_placed.rpt
report_io: Time (s): cpu = 00:00:00 ; elapsed = 00:00:00.050 . Memory (MB): peak = 1637.656 ; gain = 0.000
INFO: [runtcl-4] Executing : report_utilization -file blink_utilization_placed.rpt -pb blink_utilization_placed.pb
INFO: [runtcl-4] Executing : report_control_sets -verbose -file blink_control_sets_placed.rpt
report_control_sets: Time (s): cpu = 00:00:00 ; elapsed = 00:00:00.009 . Memory (MB): peak = 1637.656 ; gain = 0.000
Command: phys_opt_design
Attempting to get a license for feature 'Implementation' and/or device 'xc7z020'
INFO: [Common 17-349] Got license for feature 'Implementation' and/or device 'xc7z020'
INFO: [Vivado_Tcl 4-235] No timing constraint found. The netlist was not modified.
INFO: [Common 17-83] Releasing license: Implementation
53 Infos, 1 Warnings, 0 Critical Warnings and 0 Errors encountered.
phys_opt_design completed successfully
Netlist sorting complete. Time (s): cpu = 00:00:00 ; elapsed = 00:00:00 . Memory (MB): peak = 1642.105 ; gain = 0.000
INFO: [Timing 38-480] Writing timing data to binary archive.
Writing placer database...
Writing XDEF routing.
Writing XDEF routing logical nets.
Writing XDEF routing special nets.
Write XDEF Complete: Time (s): cpu = 00:00:00 ; elapsed = 00:00:00.073 . Memory (MB): peak = 1659.977 ; gain = 17.871
INFO: [Common 17-1381] The checkpoint 'C:/Users/ivr/Documents/GitHub/Zybo_OV7670/PL_Lchika/PL_Lchika.runs/impl_1/blink_physopt.dcp' has been generated.
Command: route_design
Attempting to get a license for feature 'Implementation' and/or device 'xc7z020'
INFO: [Common 17-349] Got license for feature 'Implementation' and/or device 'xc7z020'
Running DRC as a precondition to command route_design
INFO: [DRC 23-27] Running DRC with 2 threads
INFO: [Vivado_Tcl 4-198] DRC finished with 0 Errors
INFO: [Vivado_Tcl 4-199] Please refer to the DRC report (report_drc) for more information.


Starting Routing Task
INFO: [Route 35-254] Multithreading enabled for route_design using a maximum of 2 CPUs
Checksum: PlaceDB: bab13d45 ConstDB: 0 ShapeSum: b1a1acc3 RouteDB: 0

Phase 1 Build RT Design
Phase 1 Build RT Design | Checksum: 9a33be72

Time (s): cpu = 00:00:31 ; elapsed = 00:00:28 . Memory (MB): peak = 1771.281 ; gain = 102.285
Post Restoration Checksum: NetGraph: 756a5c1f NumContArr: 24c96253 Constraints: 0 Timing: 0

Phase 2 Router Initialization
INFO: [Route 35-64] No timing constraints were detected. The router will operate in resource-optimization mode.

Phase 2.1 Fix Topology Constraints
Phase 2.1 Fix Topology Constraints | Checksum: 9a33be72

Time (s): cpu = 00:00:31 ; elapsed = 00:00:28 . Memory (MB): peak = 1777.613 ; gain = 108.617

Phase 2.2 Pre Route Cleanup
Phase 2.2 Pre Route Cleanup | Checksum: 9a33be72

Time (s): cpu = 00:00:31 ; elapsed = 00:00:28 . Memory (MB): peak = 1777.613 ; gain = 108.617
 Number of Nodes with overlaps = 0
Phase 2 Router Initialization | Checksum: d932e528

Time (s): cpu = 00:00:31 ; elapsed = 00:00:28 . Memory (MB): peak = 1795.844 ; gain = 126.848

Router Utilization Summary
  Global Vertical Routing Utilization    = 0 %
  Global Horizontal Routing Utilization  = 0 %
  Routable Net Status*
  *Does not include unroutable nets such as driverless and loadless.
  Run report_route_status for detailed report.
  Number of Failed Nets               = 42
    (Failed Nets is the sum of unrouted and partially routed nets)
  Number of Unrouted Nets             = 42
  Number of Partially Routed Nets     = 0
  Number of Node Overlaps             = 0


Phase 3 Initial Routing
Phase 3 Initial Routing | Checksum: 171ebd891

Time (s): cpu = 00:00:31 ; elapsed = 00:00:29 . Memory (MB): peak = 1795.844 ; gain = 126.848

Phase 4 Rip-up And Reroute

Phase 4.1 Global Iteration 0
 Number of Nodes with overlaps = 0
Phase 4.1 Global Iteration 0 | Checksum: d76f8a68

Time (s): cpu = 00:00:31 ; elapsed = 00:00:29 . Memory (MB): peak = 1795.844 ; gain = 126.848
Phase 4 Rip-up And Reroute | Checksum: d76f8a68

Time (s): cpu = 00:00:31 ; elapsed = 00:00:29 . Memory (MB): peak = 1795.844 ; gain = 126.848

Phase 5 Delay and Skew Optimization
Phase 5 Delay and Skew Optimization | Checksum: d76f8a68

Time (s): cpu = 00:00:31 ; elapsed = 00:00:29 . Memory (MB): peak = 1795.844 ; gain = 126.848

Phase 6 Post Hold Fix

Phase 6.1 Hold Fix Iter
Phase 6.1 Hold Fix Iter | Checksum: d76f8a68

Time (s): cpu = 00:00:31 ; elapsed = 00:00:29 . Memory (MB): peak = 1795.844 ; gain = 126.848
Phase 6 Post Hold Fix | Checksum: d76f8a68

Time (s): cpu = 00:00:31 ; elapsed = 00:00:29 . Memory (MB): peak = 1795.844 ; gain = 126.848

Phase 7 Route finalize

Router Utilization Summary
  Global Vertical Routing Utilization    = 0.00388319 %
  Global Horizontal Routing Utilization  = 0.00583164 %
  Routable Net Status*
  *Does not include unroutable nets such as driverless and loadless.
  Run report_route_status for detailed report.
  Number of Failed Nets               = 0
    (Failed Nets is the sum of unrouted and partially routed nets)
  Number of Unrouted Nets             = 0
  Number of Partially Routed Nets     = 0
  Number of Node Overlaps             = 0

Congestion Report
North Dir 1x1 Area, Max Cong = 5.40541%, No Congested Regions.
South Dir 1x1 Area, Max Cong = 6.30631%, No Congested Regions.
East Dir 1x1 Area, Max Cong = 14.7059%, No Congested Regions.
West Dir 1x1 Area, Max Cong = 2.94118%, No Congested Regions.

------------------------------
Reporting congestion hotspots
------------------------------
Direction: North
----------------
Congested clusters found at Level 0
Effective congestion level: 0 Aspect Ratio: 1 Sparse Ratio: 0
Direction: South
----------------
Congested clusters found at Level 0
Effective congestion level: 0 Aspect Ratio: 1 Sparse Ratio: 0
Direction: East
----------------
Congested clusters found at Level 0
Effective congestion level: 0 Aspect Ratio: 1 Sparse Ratio: 0
Direction: West
----------------
Congested clusters found at Level 0
Effective congestion level: 0 Aspect Ratio: 1 Sparse Ratio: 0

Phase 7 Route finalize | Checksum: d76f8a68

Time (s): cpu = 00:00:31 ; elapsed = 00:00:29 . Memory (MB): peak = 1795.844 ; gain = 126.848

Phase 8 Verifying routed nets

 Verification completed successfully
Phase 8 Verifying routed nets | Checksum: d76f8a68

Time (s): cpu = 00:00:31 ; elapsed = 00:00:29 . Memory (MB): peak = 1795.844 ; gain = 126.848

Phase 9 Depositing Routes
Phase 9 Depositing Routes | Checksum: 14deb664b

Time (s): cpu = 00:00:31 ; elapsed = 00:00:29 . Memory (MB): peak = 1795.844 ; gain = 126.848
INFO: [Route 35-16] Router Completed Successfully

Time (s): cpu = 00:00:31 ; elapsed = 00:00:29 . Memory (MB): peak = 1795.844 ; gain = 126.848

Routing Is Done.
INFO: [Common 17-83] Releasing license: Implementation
63 Infos, 1 Warnings, 0 Critical Warnings and 0 Errors encountered.
route_design completed successfully
route_design: Time (s): cpu = 00:00:33 ; elapsed = 00:00:30 . Memory (MB): peak = 1795.844 ; gain = 135.867
Netlist sorting complete. Time (s): cpu = 00:00:00 ; elapsed = 00:00:00 . Memory (MB): peak = 1795.844 ; gain = 0.000
INFO: [Timing 38-480] Writing timing data to binary archive.
Writing placer database...
Writing XDEF routing.
Writing XDEF routing logical nets.
Writing XDEF routing special nets.
Write XDEF Complete: Time (s): cpu = 00:00:01 ; elapsed = 00:00:00.059 . Memory (MB): peak = 1803.414 ; gain = 7.570
INFO: [Common 17-1381] The checkpoint 'C:/Users/ivr/Documents/GitHub/Zybo_OV7670/PL_Lchika/PL_Lchika.runs/impl_1/blink_routed.dcp' has been generated.
INFO: [runtcl-4] Executing : report_drc -file blink_drc_routed.rpt -pb blink_drc_routed.pb -rpx blink_drc_routed.rpx
Command: report_drc -file blink_drc_routed.rpt -pb blink_drc_routed.pb -rpx blink_drc_routed.rpx
INFO: [IP_Flow 19-1839] IP Catalog is up to date.
INFO: [DRC 23-27] Running DRC with 2 threads
INFO: [Coretcl 2-168] The results of DRC are in file C:/Users/ivr/Documents/GitHub/Zybo_OV7670/PL_Lchika/PL_Lchika.runs/impl_1/blink_drc_routed.rpt.
report_drc completed successfully
INFO: [runtcl-4] Executing : report_methodology -file blink_methodology_drc_routed.rpt -pb blink_methodology_drc_routed.pb -rpx blink_methodology_drc_routed.rpx
Command: report_methodology -file blink_methodology_drc_routed.rpt -pb blink_methodology_drc_routed.pb -rpx blink_methodology_drc_routed.rpx
INFO: [Timing 38-35] Done setting XDC timing constraints.
INFO: [DRC 23-133] Running Methodology with 2 threads
INFO: [Coretcl 2-1520] The results of Report Methodology are in file C:/Users/ivr/Documents/GitHub/Zybo_OV7670/PL_Lchika/PL_Lchika.runs/impl_1/blink_methodology_drc_routed.rpt.
report_methodology completed successfully
INFO: [runtcl-4] Executing : report_power -file blink_power_routed.rpt -pb blink_power_summary_routed.pb -rpx blink_power_routed.rpx
Command: report_power -file blink_power_routed.rpt -pb blink_power_summary_routed.pb -rpx blink_power_routed.rpx
INFO: [Timing 38-35] Done setting XDC timing constraints.
WARNING: [Power 33-232] No user defined clocks were found in the design! Power estimation will be inaccurate until this is corrected.
Resolution: Please specify clocks using create_clock/create_generated_clock for sequential elements. For pure combinatorial circuits, please specify a virtual clock, otherwise the vectorless estimation might be inaccurate
Running Vector-less Activity Propagation...

Finished Running Vector-less Activity Propagation
75 Infos, 2 Warnings, 0 Critical Warnings and 0 Errors encountered.
report_power completed successfully
INFO: [runtcl-4] Executing : report_route_status -file blink_route_status.rpt -pb blink_route_status.pb
INFO: [runtcl-4] Executing : report_timing_summary -max_paths 10 -file blink_timing_summary_routed.rpt -pb blink_timing_summary_routed.pb -rpx blink_timing_summary_routed.rpx -warn_on_violation 
INFO: [Timing 38-91] UpdateTimingParams: Speed grade: -1, Delay Type: min_max.
INFO: [Timing 38-191] Multithreading enabled for timing update using a maximum of 2 CPUs
WARNING: [Timing 38-313] There are no user specified timing constraints. Timing constraints are needed for proper timing analysis.
INFO: [runtcl-4] Executing : report_incremental_reuse -file blink_incremental_reuse_routed.rpt
INFO: [Vivado_Tcl 4-1062] Incremental flow is disabled. No incremental reuse Info to report.
INFO: [runtcl-4] Executing : report_clock_utilization -file blink_clock_utilization_routed.rpt
INFO: [runtcl-4] Executing : report_bus_skew -warn_on_violation -file blink_bus_skew_routed.rpt -pb blink_bus_skew_routed.pb -rpx blink_bus_skew_routed.rpx
INFO: [Timing 38-91] UpdateTimingParams: Speed grade: -1, Delay Type: min_max.
INFO: [Timing 38-191] Multithreading enabled for timing update using a maximum of 2 CPUs
Command: write_bitstream -force blink.bit
Attempting to get a license for feature 'Implementation' and/or device 'xc7z020'
INFO: [Common 17-349] Got license for feature 'Implementation' and/or device 'xc7z020'
Running DRC as a precondition to command write_bitstream
INFO: [IP_Flow 19-1839] IP Catalog is up to date.
INFO: [DRC 23-27] Running DRC with 2 threads
WARNING: [DRC ZPS7-1] PS7 block required: The PS7 cell must be used in this Zynq design in order to enable correct default configuration.
INFO: [Vivado 12-3199] DRC finished with 0 Errors, 1 Warnings
INFO: [Vivado 12-3200] Please refer to the DRC report (report_drc) for more information.
INFO: [Designutils 20-2272] Running write_bitstream with 2 threads.
Loading data files...
Loading site data...
Loading route data...
Processing options...
Creating bitmap...
Creating bitstream...
Writing bitstream ./blink.bit...
INFO: [Vivado 12-1842] Bitgen Completed Successfully.
INFO: [Project 1-120] WebTalk data collection is mandatory when using a WebPACK part without a full Vivado license. To see the specific WebTalk data collected for your design, open the usage_statistics_webtalk.html or usage_statistics_webtalk.xml file in the implementation directory.
INFO: [Common 17-186] 'C:/Users/ivr/Documents/GitHub/Zybo_OV7670/PL_Lchika/PL_Lchika.runs/impl_1/usage_statistics_webtalk.xml' has been successfully sent to Xilinx on Sat Apr 18 03:44:38 2020. For additional details about this file, please refer to the WebTalk help file at C:/Xilinx/Vivado/2019.2/doc/webtalk_introduction.html.
INFO: [Common 17-83] Releasing license: Implementation
95 Infos, 4 Warnings, 0 Critical Warnings and 0 Errors encountered.
write_bitstream completed successfully
write_bitstream: Time (s): cpu = 00:00:15 ; elapsed = 00:00:17 . Memory (MB): peak = 2243.766 ; gain = 408.227
INFO: [Common 17-206] Exiting Vivado at Sat Apr 18 03:44:38 2020...
