16:38:12 INFO  : Launching XSCT server: xsct.bat -n  -interactive C:\Users\ivr\Documents\GitHub\Zybo_OV7670\Ps_CommunicateWithAXI_Lchika\temp_xsdb_launch_script.tcl
16:38:17 INFO  : XSCT server has started successfully.
16:38:17 INFO  : plnx-install-location is set to ''
16:38:17 INFO  : Successfully done setting XSCT server connection channel  
16:38:19 INFO  : Registering command handlers for Vitis TCF services
16:38:23 INFO  : Successfully done setting workspace for the tool. 
16:38:23 INFO  : Successfully done query RDI_DATADIR 
16:46:02 INFO  : Checking for BSP changes to sync application flags for project 'AXIBlink'...
16:46:25 INFO  : Connected to target on host '127.0.0.1' and port '3121'.
16:46:27 INFO  : Jtag cable 'Digilent Zybo Z7 210351A6C9E3A' is selected.
16:46:27 INFO  : 'jtag frequency' command is executed.
16:46:28 INFO  : Context for 'APU' is selected.
16:46:28 INFO  : System reset is completed.
16:46:31 INFO  : 'after 3000' command is executed.
16:46:32 INFO  : 'targets -set -filter {jtag_cable_name =~ "Digilent Zybo Z7 210351A6C9E3A" && level==0} -index 1' command is executed.
16:46:35 INFO  : FPGA configured successfully with bitstream "C:/Users/ivr/Documents/GitHub/Zybo_OV7670/Ps_CommunicateWithAXI_Lchika/AXIBlink/_ide/bitstream/design_1_wrapper.bit"
16:46:36 INFO  : Context for 'APU' is selected.
16:46:36 INFO  : Hardware design information is loaded from 'C:/Users/ivr/Documents/GitHub/Zybo_OV7670/Ps_CommunicateWithAXI_Lchika/design_1_wrapper/export/design_1_wrapper/hw/design_1_wrapper.xsa'.
16:46:36 INFO  : 'configparams force-mem-access 1' command is executed.
16:46:36 INFO  : Context for 'APU' is selected.
16:46:36 INFO  : Sourcing of 'C:/Users/ivr/Documents/GitHub/Zybo_OV7670/Ps_CommunicateWithAXI_Lchika/AXIBlink/_ide/psinit/ps7_init.tcl' is done.
16:46:36 INFO  : 'ps7_init' command is executed.
16:46:36 INFO  : 'ps7_post_config' command is executed.
16:46:36 INFO  : Context for processor 'ps7_cortexa9_0' is selected.
16:46:37 INFO  : The application 'C:/Users/ivr/Documents/GitHub/Zybo_OV7670/Ps_CommunicateWithAXI_Lchika/AXIBlink/Debug/AXIBlink.elf' is downloaded to processor 'ps7_cortexa9_0'.
16:46:37 INFO  : 'configparams force-mem-access 0' command is executed.
16:46:37 INFO  : ----------------XSDB Script----------------
connect -url tcp:127.0.0.1:3121
targets -set -nocase -filter {name =~"APU*"}
rst -system
after 3000
targets -set -filter {jtag_cable_name =~ "Digilent Zybo Z7 210351A6C9E3A" && level==0} -index 1
fpga -file C:/Users/ivr/Documents/GitHub/Zybo_OV7670/Ps_CommunicateWithAXI_Lchika/AXIBlink/_ide/bitstream/design_1_wrapper.bit
targets -set -nocase -filter {name =~"APU*"}
loadhw -hw C:/Users/ivr/Documents/GitHub/Zybo_OV7670/Ps_CommunicateWithAXI_Lchika/design_1_wrapper/export/design_1_wrapper/hw/design_1_wrapper.xsa -mem-ranges [list {0x40000000 0xbfffffff}]
configparams force-mem-access 1
targets -set -nocase -filter {name =~"APU*"}
source C:/Users/ivr/Documents/GitHub/Zybo_OV7670/Ps_CommunicateWithAXI_Lchika/AXIBlink/_ide/psinit/ps7_init.tcl
ps7_init
ps7_post_config
targets -set -nocase -filter {name =~ "*A9*#0"}
dow C:/Users/ivr/Documents/GitHub/Zybo_OV7670/Ps_CommunicateWithAXI_Lchika/AXIBlink/Debug/AXIBlink.elf
configparams force-mem-access 0
----------------End of Script----------------

16:46:37 INFO  : Memory regions updated for context APU
16:46:37 INFO  : Context for processor 'ps7_cortexa9_0' is selected.
16:46:37 INFO  : 'con' command is executed.
16:46:37 INFO  : ----------------XSDB Script (After Launch)----------------
targets -set -nocase -filter {name =~ "*A9*#0"}
con
----------------End of Script----------------

16:46:37 INFO  : Launch script is exported to file 'C:\Users\ivr\Documents\GitHub\Zybo_OV7670\Ps_CommunicateWithAXI_Lchika\.sdk\launch_scripts\single_application_debug\systemdebugger_axiblink_system_standalone.tcl'
16:57:17 INFO  : Checking for BSP changes to sync application flags for project 'AXIBlink'...
16:57:34 INFO  : Disconnected from the channel tcfchan#3.
16:57:34 INFO  : Connected to target on host '127.0.0.1' and port '3121'.
16:57:35 INFO  : Jtag cable 'Digilent Zybo Z7 210351A6C9E3A' is selected.
16:57:35 INFO  : 'jtag frequency' command is executed.
16:57:35 INFO  : Context for 'APU' is selected.
16:57:35 INFO  : System reset is completed.
16:57:38 INFO  : 'after 3000' command is executed.
16:57:38 INFO  : 'targets -set -filter {jtag_cable_name =~ "Digilent Zybo Z7 210351A6C9E3A" && level==0} -index 1' command is executed.
16:57:40 INFO  : FPGA configured successfully with bitstream "C:/Users/ivr/Documents/GitHub/Zybo_OV7670/Ps_CommunicateWithAXI_Lchika/AXIBlink/_ide/bitstream/design_1_wrapper.bit"
16:57:41 INFO  : Context for 'APU' is selected.
16:57:41 INFO  : Hardware design information is loaded from 'C:/Users/ivr/Documents/GitHub/Zybo_OV7670/Ps_CommunicateWithAXI_Lchika/design_1_wrapper/export/design_1_wrapper/hw/design_1_wrapper.xsa'.
16:57:41 INFO  : 'configparams force-mem-access 1' command is executed.
16:57:41 INFO  : Context for 'APU' is selected.
16:57:41 INFO  : Sourcing of 'C:/Users/ivr/Documents/GitHub/Zybo_OV7670/Ps_CommunicateWithAXI_Lchika/AXIBlink/_ide/psinit/ps7_init.tcl' is done.
16:57:41 INFO  : 'ps7_init' command is executed.
16:57:41 INFO  : 'ps7_post_config' command is executed.
16:57:41 INFO  : Context for processor 'ps7_cortexa9_0' is selected.
16:57:41 INFO  : The application 'C:/Users/ivr/Documents/GitHub/Zybo_OV7670/Ps_CommunicateWithAXI_Lchika/AXIBlink/Debug/AXIBlink.elf' is downloaded to processor 'ps7_cortexa9_0'.
16:57:41 INFO  : 'configparams force-mem-access 0' command is executed.
16:57:41 INFO  : ----------------XSDB Script----------------
connect -url tcp:127.0.0.1:3121
targets -set -nocase -filter {name =~"APU*"}
rst -system
after 3000
targets -set -filter {jtag_cable_name =~ "Digilent Zybo Z7 210351A6C9E3A" && level==0} -index 1
fpga -file C:/Users/ivr/Documents/GitHub/Zybo_OV7670/Ps_CommunicateWithAXI_Lchika/AXIBlink/_ide/bitstream/design_1_wrapper.bit
targets -set -nocase -filter {name =~"APU*"}
loadhw -hw C:/Users/ivr/Documents/GitHub/Zybo_OV7670/Ps_CommunicateWithAXI_Lchika/design_1_wrapper/export/design_1_wrapper/hw/design_1_wrapper.xsa -mem-ranges [list {0x40000000 0xbfffffff}]
configparams force-mem-access 1
targets -set -nocase -filter {name =~"APU*"}
source C:/Users/ivr/Documents/GitHub/Zybo_OV7670/Ps_CommunicateWithAXI_Lchika/AXIBlink/_ide/psinit/ps7_init.tcl
ps7_init
ps7_post_config
targets -set -nocase -filter {name =~ "*A9*#0"}
dow C:/Users/ivr/Documents/GitHub/Zybo_OV7670/Ps_CommunicateWithAXI_Lchika/AXIBlink/Debug/AXIBlink.elf
configparams force-mem-access 0
----------------End of Script----------------

16:57:41 INFO  : Memory regions updated for context APU
16:57:42 INFO  : Context for processor 'ps7_cortexa9_0' is selected.
16:57:42 INFO  : 'con' command is executed.
16:57:42 INFO  : ----------------XSDB Script (After Launch)----------------
targets -set -nocase -filter {name =~ "*A9*#0"}
con
----------------End of Script----------------

16:57:42 INFO  : Launch script is exported to file 'C:\Users\ivr\Documents\GitHub\Zybo_OV7670\Ps_CommunicateWithAXI_Lchika\.sdk\launch_scripts\single_application_debug\systemdebugger_axiblink_system_standalone.tcl'
16:58:23 INFO  : Checking for BSP changes to sync application flags for project 'AXIBlink'...
16:58:30 INFO  : Disconnected from the channel tcfchan#5.
16:58:30 INFO  : Connected to target on host '127.0.0.1' and port '3121'.
16:58:31 INFO  : Jtag cable 'Digilent Zybo Z7 210351A6C9E3A' is selected.
16:58:31 INFO  : 'jtag frequency' command is executed.
16:58:31 INFO  : Context for 'APU' is selected.
16:58:31 INFO  : System reset is completed.
16:58:34 INFO  : 'after 3000' command is executed.
16:58:34 INFO  : 'targets -set -filter {jtag_cable_name =~ "Digilent Zybo Z7 210351A6C9E3A" && level==0} -index 1' command is executed.
16:58:36 INFO  : FPGA configured successfully with bitstream "C:/Users/ivr/Documents/GitHub/Zybo_OV7670/Ps_CommunicateWithAXI_Lchika/AXIBlink/_ide/bitstream/design_1_wrapper.bit"
16:58:36 INFO  : Context for 'APU' is selected.
16:58:36 INFO  : Hardware design information is loaded from 'C:/Users/ivr/Documents/GitHub/Zybo_OV7670/Ps_CommunicateWithAXI_Lchika/design_1_wrapper/export/design_1_wrapper/hw/design_1_wrapper.xsa'.
16:58:36 INFO  : 'configparams force-mem-access 1' command is executed.
16:58:36 INFO  : Context for 'APU' is selected.
16:58:36 INFO  : Sourcing of 'C:/Users/ivr/Documents/GitHub/Zybo_OV7670/Ps_CommunicateWithAXI_Lchika/AXIBlink/_ide/psinit/ps7_init.tcl' is done.
16:58:37 INFO  : 'ps7_init' command is executed.
16:58:37 INFO  : 'ps7_post_config' command is executed.
16:58:37 INFO  : Context for processor 'ps7_cortexa9_0' is selected.
16:58:37 INFO  : The application 'C:/Users/ivr/Documents/GitHub/Zybo_OV7670/Ps_CommunicateWithAXI_Lchika/AXIBlink/Debug/AXIBlink.elf' is downloaded to processor 'ps7_cortexa9_0'.
16:58:37 INFO  : 'configparams force-mem-access 0' command is executed.
16:58:37 INFO  : ----------------XSDB Script----------------
connect -url tcp:127.0.0.1:3121
targets -set -nocase -filter {name =~"APU*"}
rst -system
after 3000
targets -set -filter {jtag_cable_name =~ "Digilent Zybo Z7 210351A6C9E3A" && level==0} -index 1
fpga -file C:/Users/ivr/Documents/GitHub/Zybo_OV7670/Ps_CommunicateWithAXI_Lchika/AXIBlink/_ide/bitstream/design_1_wrapper.bit
targets -set -nocase -filter {name =~"APU*"}
loadhw -hw C:/Users/ivr/Documents/GitHub/Zybo_OV7670/Ps_CommunicateWithAXI_Lchika/design_1_wrapper/export/design_1_wrapper/hw/design_1_wrapper.xsa -mem-ranges [list {0x40000000 0xbfffffff}]
configparams force-mem-access 1
targets -set -nocase -filter {name =~"APU*"}
source C:/Users/ivr/Documents/GitHub/Zybo_OV7670/Ps_CommunicateWithAXI_Lchika/AXIBlink/_ide/psinit/ps7_init.tcl
ps7_init
ps7_post_config
targets -set -nocase -filter {name =~ "*A9*#0"}
dow C:/Users/ivr/Documents/GitHub/Zybo_OV7670/Ps_CommunicateWithAXI_Lchika/AXIBlink/Debug/AXIBlink.elf
configparams force-mem-access 0
----------------End of Script----------------

16:58:37 INFO  : Memory regions updated for context APU
16:58:37 INFO  : Context for processor 'ps7_cortexa9_0' is selected.
16:58:37 INFO  : 'con' command is executed.
16:58:37 INFO  : ----------------XSDB Script (After Launch)----------------
targets -set -nocase -filter {name =~ "*A9*#0"}
con
----------------End of Script----------------

16:58:37 INFO  : Launch script is exported to file 'C:\Users\ivr\Documents\GitHub\Zybo_OV7670\Ps_CommunicateWithAXI_Lchika\.sdk\launch_scripts\single_application_debug\systemdebugger_axiblink_system_standalone.tcl'
16:59:20 INFO  : Checking for BSP changes to sync application flags for project 'AXIBlink'...
16:59:28 INFO  : Disconnected from the channel tcfchan#6.
16:59:28 INFO  : Connected to target on host '127.0.0.1' and port '3121'.
16:59:29 INFO  : Jtag cable 'Digilent Zybo Z7 210351A6C9E3A' is selected.
16:59:29 INFO  : 'jtag frequency' command is executed.
16:59:29 INFO  : Context for 'APU' is selected.
16:59:29 INFO  : System reset is completed.
16:59:32 INFO  : 'after 3000' command is executed.
16:59:32 INFO  : 'targets -set -filter {jtag_cable_name =~ "Digilent Zybo Z7 210351A6C9E3A" && level==0} -index 1' command is executed.
16:59:34 INFO  : FPGA configured successfully with bitstream "C:/Users/ivr/Documents/GitHub/Zybo_OV7670/Ps_CommunicateWithAXI_Lchika/AXIBlink/_ide/bitstream/design_1_wrapper.bit"
16:59:34 INFO  : Context for 'APU' is selected.
16:59:34 INFO  : Hardware design information is loaded from 'C:/Users/ivr/Documents/GitHub/Zybo_OV7670/Ps_CommunicateWithAXI_Lchika/design_1_wrapper/export/design_1_wrapper/hw/design_1_wrapper.xsa'.
16:59:34 INFO  : 'configparams force-mem-access 1' command is executed.
16:59:34 INFO  : Context for 'APU' is selected.
16:59:34 INFO  : Sourcing of 'C:/Users/ivr/Documents/GitHub/Zybo_OV7670/Ps_CommunicateWithAXI_Lchika/AXIBlink/_ide/psinit/ps7_init.tcl' is done.
16:59:35 INFO  : 'ps7_init' command is executed.
16:59:35 INFO  : 'ps7_post_config' command is executed.
16:59:35 INFO  : Context for processor 'ps7_cortexa9_0' is selected.
16:59:35 INFO  : The application 'C:/Users/ivr/Documents/GitHub/Zybo_OV7670/Ps_CommunicateWithAXI_Lchika/AXIBlink/Debug/AXIBlink.elf' is downloaded to processor 'ps7_cortexa9_0'.
16:59:35 INFO  : 'configparams force-mem-access 0' command is executed.
16:59:35 INFO  : ----------------XSDB Script----------------
connect -url tcp:127.0.0.1:3121
targets -set -nocase -filter {name =~"APU*"}
rst -system
after 3000
targets -set -filter {jtag_cable_name =~ "Digilent Zybo Z7 210351A6C9E3A" && level==0} -index 1
fpga -file C:/Users/ivr/Documents/GitHub/Zybo_OV7670/Ps_CommunicateWithAXI_Lchika/AXIBlink/_ide/bitstream/design_1_wrapper.bit
targets -set -nocase -filter {name =~"APU*"}
loadhw -hw C:/Users/ivr/Documents/GitHub/Zybo_OV7670/Ps_CommunicateWithAXI_Lchika/design_1_wrapper/export/design_1_wrapper/hw/design_1_wrapper.xsa -mem-ranges [list {0x40000000 0xbfffffff}]
configparams force-mem-access 1
targets -set -nocase -filter {name =~"APU*"}
source C:/Users/ivr/Documents/GitHub/Zybo_OV7670/Ps_CommunicateWithAXI_Lchika/AXIBlink/_ide/psinit/ps7_init.tcl
ps7_init
ps7_post_config
targets -set -nocase -filter {name =~ "*A9*#0"}
dow C:/Users/ivr/Documents/GitHub/Zybo_OV7670/Ps_CommunicateWithAXI_Lchika/AXIBlink/Debug/AXIBlink.elf
configparams force-mem-access 0
----------------End of Script----------------

16:59:35 INFO  : Memory regions updated for context APU
16:59:35 INFO  : Context for processor 'ps7_cortexa9_0' is selected.
16:59:35 INFO  : 'con' command is executed.
16:59:35 INFO  : ----------------XSDB Script (After Launch)----------------
targets -set -nocase -filter {name =~ "*A9*#0"}
con
----------------End of Script----------------

16:59:35 INFO  : Launch script is exported to file 'C:\Users\ivr\Documents\GitHub\Zybo_OV7670\Ps_CommunicateWithAXI_Lchika\.sdk\launch_scripts\single_application_debug\systemdebugger_axiblink_system_standalone.tcl'
17:38:20 INFO  : Successfully done sdx_reload_mss "C:/Users/ivr/Documents/GitHub/Zybo_OV7670/Ps_CommunicateWithAXI_Lchika/design_1_wrapper/zynq_fsbl/zynq_fsbl_bsp/system.mss"
17:38:21 INFO  : Successfully done sdx_reload_mss "C:/Users/ivr/Documents/GitHub/Zybo_OV7670/Ps_CommunicateWithAXI_Lchika/design_1_wrapper/ps7_cortexa9_0/standalone_domain/bsp/system.mss"
17:38:49 INFO  : Successfully done sdx_reload_mss "C:/Users/ivr/Documents/GitHub/Zybo_OV7670/Ps_CommunicateWithAXI_Lchika/design_1_wrapper/ps7_cortexa9_0/standalone_domain/bsp/system.mss"
17:38:49 INFO  : No changes in MSS file content so sources will not be generated.
17:39:47 INFO  : Successfully done sdx_reload_mss "C:/Users/ivr/Documents/GitHub/Zybo_OV7670/Ps_CommunicateWithAXI_Lchika/design_1_wrapper/zynq_fsbl/zynq_fsbl_bsp/system.mss"
17:39:47 INFO  : No changes in MSS file content so sources will not be generated.
17:45:20 INFO  : Disconnected from the channel tcfchan#7.
