03:28:15 INFO  : Launching XSCT server: xsct.bat -n  -interactive C:\Users\ivr\Documents\GitHub\Zybo_OV7670\OV7670_VGA\temp_xsdb_launch_script.tcl
03:28:18 INFO  : XSCT server has started successfully.
03:28:18 INFO  : plnx-install-location is set to ''
03:28:18 INFO  : Successfully done setting XSCT server connection channel  
03:28:19 INFO  : Successfully done setting workspace for the tool. 
03:28:19 INFO  : Successfully done query RDI_DATADIR 
03:28:19 INFO  : Registering command handlers for Vitis TCF services
03:38:06 INFO  : Checking for BSP changes to sync application flags for project 'OV7670_VGA'...
04:08:43 INFO  : Launching XSCT server: xsct.bat -n  -interactive C:\Users\ivr\Documents\GitHub\Zybo_OV7670\OV7670_VGA\temp_xsdb_launch_script.tcl
04:08:49 INFO  : XSCT server has started successfully.
04:08:49 INFO  : Successfully done setting XSCT server connection channel  
04:08:49 INFO  : plnx-install-location is set to ''
04:08:49 INFO  : Successfully done setting workspace for the tool. 
04:08:49 INFO  : Successfully done query RDI_DATADIR 
04:08:50 INFO  : Registering command handlers for Vitis TCF services
04:10:21 INFO  : Checking for BSP changes to sync application flags for project 'OV7670_VGA'...
18:41:57 INFO  : Launching XSCT server: xsct.bat -n  -interactive C:\Users\ivr\Documents\GitHub\Zybo_OV7670\OV7670_VGA\temp_xsdb_launch_script.tcl
18:42:00 INFO  : XSCT server has started successfully.
18:42:00 INFO  : plnx-install-location is set to ''
18:42:00 INFO  : Successfully done setting XSCT server connection channel  
18:42:00 INFO  : Successfully done setting workspace for the tool. 
18:42:06 INFO  : Registering command handlers for Vitis TCF services
18:42:06 INFO  : Successfully done query RDI_DATADIR 
18:51:56 INFO  : Checking for BSP changes to sync application flags for project 'OV7670_VGA'...
18:55:28 ERROR : Failed to openhw "C:/Users/ivr/Documents/GitHub/Zybo_OV7670/OV7670_VGA/design_1_wrapper/export/design_1_wrapper/hw/design_1_wrapper.xsa"
Reason: ERROR: [Common 17-39] 'hsi::open_hw_design' failed due to earlier errors.

18:57:26 ERROR : Failed to openhw "C:/Users/ivr/Documents/GitHub/Zybo_OV7670/OV7670_VGA/design_1_wrapper/export/design_1_wrapper/hw/design_1_wrapper.xsa"
Reason: ERROR: [Common 17-39] 'hsi::open_hw_design' failed due to earlier errors.

18:57:53 ERROR : Failed to openhw "C:/Users/ivr/Documents/GitHub/Zybo_OV7670/OV7670_VGA/design_1_wrapper/export/design_1_wrapper/hw/design_1_wrapper.xsa"
Reason: ERROR: [Common 17-39] 'hsi::open_hw_design' failed due to earlier errors.

18:58:14 INFO  : Hardware specification for platform project 'design_1_wrapper' is updated.
18:58:23 ERROR : Failed to openhw "C:/Users/ivr/Documents/GitHub/Zybo_OV7670/OV7670_VGA/design_1_wrapper/export/design_1_wrapper/hw/design_1_wrapper.xsa"
Reason: ERROR: [Common 17-39] 'hsi::open_hw_design' failed due to earlier errors.

18:59:29 INFO  : Checking for BSP changes to sync application flags for project 'OV7670_VGA'...
18:59:35 INFO  : The hardware specfication used by project 'OV7670_VGA' is out of sync with the platform. Resource files extracted from the hardware specfiication will be updated.
18:59:35 INFO  : The file 'C:\Users\ivr\Documents\GitHub\Zybo_OV7670\OV7670_VGA\OV7670_VGA\_ide\bitstream\design_1_wrapper.bit' stored in project is removed.
18:59:35 INFO  : The updated bitstream files are copied from platform to folder 'C:\Users\ivr\Documents\GitHub\Zybo_OV7670\OV7670_VGA\OV7670_VGA\_ide\bitstream' in project 'OV7670_VGA'.
18:59:35 INFO  : The file 'C:\Users\ivr\Documents\GitHub\Zybo_OV7670\OV7670_VGA\OV7670_VGA\_ide\psinit\ps7_init.tcl' stored in project is removed.
18:59:42 INFO  : The updated ps init files are copied from platform to folder 'C:\Users\ivr\Documents\GitHub\Zybo_OV7670\OV7670_VGA\OV7670_VGA\_ide\psinit' in project 'OV7670_VGA'.
19:01:12 INFO  : Hardware specification for platform project 'design_1_wrapper' is updated.
19:02:22 INFO  : Checking for BSP changes to sync application flags for project 'OV7670_VGA'...
19:05:40 INFO  : Checking for BSP changes to sync application flags for project 'OV7670_VGA'...
19:06:56 INFO  : Checking for BSP changes to sync application flags for project 'OV7670_VGA'...
19:07:24 INFO  : Connected to target on host '127.0.0.1' and port '3121'.
19:07:26 INFO  : 'targets -set -filter {jtag_cable_name =~ "Digilent Zybo Z7 210351A6C9E3A" && level==0} -index 1' command is executed.
19:07:28 INFO  : FPGA configured successfully with bitstream "C:/Users/ivr/Documents/GitHub/Zybo_OV7670/OV7670_VGA/OV7670_VGA/_ide/bitstream/design_1_wrapper.bit"
19:07:36 INFO  : Connected to target on host '127.0.0.1' and port '3121'.
19:07:36 INFO  : Jtag cable 'Digilent Zybo Z7 210351A6C9E3A' is selected.
19:07:36 INFO  : 'jtag frequency' command is executed.
19:07:36 INFO  : Context for 'APU' is selected.
19:07:36 INFO  : System reset is completed.
19:07:39 INFO  : 'after 3000' command is executed.
19:07:39 INFO  : 'targets -set -filter {jtag_cable_name =~ "Digilent Zybo Z7 210351A6C9E3A" && level==0} -index 1' command is executed.
19:07:42 INFO  : FPGA configured successfully with bitstream "C:/Users/ivr/Documents/GitHub/Zybo_OV7670/OV7670_VGA/OV7670_VGA/_ide/bitstream/design_1_wrapper.bit"
19:07:42 INFO  : Context for 'APU' is selected.
19:07:42 INFO  : Hardware design information is loaded from 'C:/Users/ivr/Documents/GitHub/Zybo_OV7670/OV7670_VGA/design_1_wrapper/export/design_1_wrapper/hw/design_1_wrapper.xsa'.
19:07:42 INFO  : 'configparams force-mem-access 1' command is executed.
19:07:42 INFO  : Context for 'APU' is selected.
19:07:42 INFO  : Sourcing of 'C:/Users/ivr/Documents/GitHub/Zybo_OV7670/OV7670_VGA/OV7670_VGA/_ide/psinit/ps7_init.tcl' is done.
19:07:42 INFO  : 'ps7_init' command is executed.
19:07:42 INFO  : 'ps7_post_config' command is executed.
19:07:42 INFO  : 'configparams force-mem-access 0' command is executed.
19:07:42 INFO  : ----------------XSDB Script----------------
connect -url tcp:127.0.0.1:3121
targets -set -nocase -filter {name =~"APU*"}
rst -system
after 3000
targets -set -filter {jtag_cable_name =~ "Digilent Zybo Z7 210351A6C9E3A" && level==0} -index 1
fpga -file C:/Users/ivr/Documents/GitHub/Zybo_OV7670/OV7670_VGA/OV7670_VGA/_ide/bitstream/design_1_wrapper.bit
targets -set -nocase -filter {name =~"APU*"}
loadhw -hw C:/Users/ivr/Documents/GitHub/Zybo_OV7670/OV7670_VGA/design_1_wrapper/export/design_1_wrapper/hw/design_1_wrapper.xsa -mem-ranges [list {0x40000000 0xbfffffff}]
configparams force-mem-access 1
targets -set -nocase -filter {name =~"APU*"}
source C:/Users/ivr/Documents/GitHub/Zybo_OV7670/OV7670_VGA/OV7670_VGA/_ide/psinit/ps7_init.tcl
ps7_init
ps7_post_config
configparams force-mem-access 0
----------------End of Script----------------

19:07:42 INFO  : Memory regions updated for context APU
19:07:42 INFO  : Launch script is exported to file 'C:\Users\ivr\Documents\GitHub\Zybo_OV7670\OV7670_VGA\.sdk\launch_scripts\single_application_debug\systemdebugger_ov7670_vga_system_standalone.tcl'
19:13:45 INFO  : Disconnected from the channel tcfchan#12.
19:13:53 INFO  : Connected to target on host '127.0.0.1' and port '3121'.
19:13:55 INFO  : Jtag cable 'Digilent Zybo Z7 210351A6C9E3A' is selected.
19:13:55 INFO  : 'jtag frequency' command is executed.
19:13:55 INFO  : Context for 'APU' is selected.
19:13:55 INFO  : System reset is completed.
19:13:58 INFO  : 'after 3000' command is executed.
19:13:58 INFO  : 'targets -set -filter {jtag_cable_name =~ "Digilent Zybo Z7 210351A6C9E3A" && level==0} -index 1' command is executed.
19:14:00 INFO  : FPGA configured successfully with bitstream "C:/Users/ivr/Documents/GitHub/Zybo_OV7670/OV7670_VGA/OV7670_VGA/_ide/bitstream/design_1_wrapper.bit"
19:14:00 INFO  : Context for 'APU' is selected.
19:14:00 INFO  : Hardware design information is loaded from 'C:/Users/ivr/Documents/GitHub/Zybo_OV7670/OV7670_VGA/design_1_wrapper/export/design_1_wrapper/hw/design_1_wrapper.xsa'.
19:14:00 INFO  : 'configparams force-mem-access 1' command is executed.
19:14:00 INFO  : Context for 'APU' is selected.
19:14:00 INFO  : Sourcing of 'C:/Users/ivr/Documents/GitHub/Zybo_OV7670/OV7670_VGA/OV7670_VGA/_ide/psinit/ps7_init.tcl' is done.
19:14:01 INFO  : 'ps7_init' command is executed.
19:14:01 INFO  : 'ps7_post_config' command is executed.
19:14:01 INFO  : 'configparams force-mem-access 0' command is executed.
19:14:01 INFO  : ----------------XSDB Script----------------
connect -url tcp:127.0.0.1:3121
targets -set -nocase -filter {name =~"APU*"}
rst -system
after 3000
targets -set -filter {jtag_cable_name =~ "Digilent Zybo Z7 210351A6C9E3A" && level==0} -index 1
fpga -file C:/Users/ivr/Documents/GitHub/Zybo_OV7670/OV7670_VGA/OV7670_VGA/_ide/bitstream/design_1_wrapper.bit
targets -set -nocase -filter {name =~"APU*"}
loadhw -hw C:/Users/ivr/Documents/GitHub/Zybo_OV7670/OV7670_VGA/design_1_wrapper/export/design_1_wrapper/hw/design_1_wrapper.xsa -mem-ranges [list {0x40000000 0xbfffffff}]
configparams force-mem-access 1
targets -set -nocase -filter {name =~"APU*"}
source C:/Users/ivr/Documents/GitHub/Zybo_OV7670/OV7670_VGA/OV7670_VGA/_ide/psinit/ps7_init.tcl
ps7_init
ps7_post_config
configparams force-mem-access 0
----------------End of Script----------------

19:14:01 INFO  : Memory regions updated for context APU
19:14:01 INFO  : Launch script is exported to file 'C:\Users\ivr\Documents\GitHub\Zybo_OV7670\OV7670_VGA\.sdk\launch_scripts\single_application_debug\systemdebugger_ov7670_vga_system_standalone.tcl'
19:14:39 INFO  : Checking for BSP changes to sync application flags for project 'OV7670_VGA'...
19:17:01 INFO  : Disconnected from the channel tcfchan#13.
19:17:42 INFO  : Launching XSCT server: xsct.bat -n  -interactive C:\Users\ivr\Documents\GitHub\Zybo_OV7670\OV7670_VGA\temp_xsdb_launch_script.tcl
19:17:45 INFO  : XSCT server has started successfully.
19:17:45 INFO  : plnx-install-location is set to ''
19:17:45 INFO  : Successfully done setting XSCT server connection channel  
19:17:45 INFO  : Successfully done setting workspace for the tool. 
19:17:47 INFO  : Registering command handlers for Vitis TCF services
19:17:48 INFO  : Successfully done query RDI_DATADIR 
19:18:12 INFO  : Checking for BSP changes to sync application flags for project 'OV7670_VGA'...
19:18:21 ERROR : (XSDB Server)ERROR: [Hsi 55-1571] The design file C:/Users/ivr/Documents/GitHub/Zybo_OV7670/OV7670_VGA/design_1_wrapper/export/design_1_wrapper/hw/design_1_wrapper.xsa is already opened

19:18:49 INFO  : Hardware specification for platform project 'design_1_wrapper' is updated.
19:18:58 INFO  : Checking for BSP changes to sync application flags for project 'OV7670_VGA'...
19:37:24 INFO  : Checking for BSP changes to sync application flags for project 'OV7670_VGA'...
19:38:20 INFO  : Checking for BSP changes to sync application flags for project 'OV7670_VGA'...
19:39:19 INFO  : Checking for BSP changes to sync application flags for project 'OV7670_VGA'...
19:39:28 INFO  : Checking for BSP changes to sync application flags for project 'OV7670_VGA'...
19:40:19 INFO  : Checking for BSP changes to sync application flags for project 'OV7670_VGA'...
20:01:22 INFO  : Checking for BSP changes to sync application flags for project 'OV7670_VGA'...
20:07:40 INFO  : Checking for BSP changes to sync application flags for project 'OV7670_VGA'...
20:23:16 INFO  : Connected to target on host '127.0.0.1' and port '3121'.
20:23:18 INFO  : Jtag cable 'Digilent Zybo Z7 210351A6C9E3A' is selected.
20:23:18 INFO  : 'jtag frequency' command is executed.
20:23:18 INFO  : Context for 'APU' is selected.
20:23:18 INFO  : System reset is completed.
20:23:21 INFO  : 'after 3000' command is executed.
20:23:22 INFO  : 'targets -set -filter {jtag_cable_name =~ "Digilent Zybo Z7 210351A6C9E3A" && level==0} -index 1' command is executed.
20:23:25 INFO  : FPGA configured successfully with bitstream "C:/Users/ivr/Documents/GitHub/Zybo_OV7670/OV7670_VGA/OV7670_VGA/_ide/bitstream/design_1_wrapper.bit"
20:23:26 INFO  : Context for 'APU' is selected.
20:23:26 INFO  : Hardware design information is loaded from 'C:/Users/ivr/Documents/GitHub/Zybo_OV7670/OV7670_VGA/design_1_wrapper/export/design_1_wrapper/hw/design_1_wrapper.xsa'.
20:23:26 INFO  : 'configparams force-mem-access 1' command is executed.
20:23:26 INFO  : Context for 'APU' is selected.
20:23:26 INFO  : Sourcing of 'C:/Users/ivr/Documents/GitHub/Zybo_OV7670/OV7670_VGA/OV7670_VGA/_ide/psinit/ps7_init.tcl' is done.
20:23:27 INFO  : 'ps7_init' command is executed.
20:23:27 INFO  : 'ps7_post_config' command is executed.
20:23:27 INFO  : Context for processor 'ps7_cortexa9_0' is selected.
20:23:27 INFO  : The application 'C:/Users/ivr/Documents/GitHub/Zybo_OV7670/OV7670_VGA/OV7670_VGA/Debug/OV7670_VGA.elf' is downloaded to processor 'ps7_cortexa9_0'.
20:23:27 INFO  : 'configparams force-mem-access 0' command is executed.
20:23:27 INFO  : ----------------XSDB Script----------------
connect -url tcp:127.0.0.1:3121
targets -set -nocase -filter {name =~"APU*"}
rst -system
after 3000
targets -set -filter {jtag_cable_name =~ "Digilent Zybo Z7 210351A6C9E3A" && level==0} -index 1
fpga -file C:/Users/ivr/Documents/GitHub/Zybo_OV7670/OV7670_VGA/OV7670_VGA/_ide/bitstream/design_1_wrapper.bit
targets -set -nocase -filter {name =~"APU*"}
loadhw -hw C:/Users/ivr/Documents/GitHub/Zybo_OV7670/OV7670_VGA/design_1_wrapper/export/design_1_wrapper/hw/design_1_wrapper.xsa -mem-ranges [list {0x40000000 0xbfffffff}]
configparams force-mem-access 1
targets -set -nocase -filter {name =~"APU*"}
source C:/Users/ivr/Documents/GitHub/Zybo_OV7670/OV7670_VGA/OV7670_VGA/_ide/psinit/ps7_init.tcl
ps7_init
ps7_post_config
targets -set -nocase -filter {name =~ "*A9*#0"}
dow C:/Users/ivr/Documents/GitHub/Zybo_OV7670/OV7670_VGA/OV7670_VGA/Debug/OV7670_VGA.elf
configparams force-mem-access 0
----------------End of Script----------------

20:23:27 INFO  : Memory regions updated for context APU
20:23:27 INFO  : Context for processor 'ps7_cortexa9_0' is selected.
20:23:27 INFO  : 'con' command is executed.
20:23:27 INFO  : ----------------XSDB Script (After Launch)----------------
targets -set -nocase -filter {name =~ "*A9*#0"}
con
----------------End of Script----------------

20:23:27 INFO  : Launch script is exported to file 'C:\Users\ivr\Documents\GitHub\Zybo_OV7670\OV7670_VGA\.sdk\launch_scripts\single_application_debug\systemdebugger_ov7670_vga_system_standalone.tcl'
21:09:07 INFO  : Disconnected from the channel tcfchan#10.
17:51:39 INFO  : Launching XSCT server: xsct.bat -n  -interactive C:\Users\ivr\Documents\GitHub\Zybo_OV7670\OV7670_VGA\temp_xsdb_launch_script.tcl
17:51:44 INFO  : XSCT server has started successfully.
17:51:44 INFO  : plnx-install-location is set to ''
17:51:44 INFO  : Successfully done setting XSCT server connection channel  
17:51:44 INFO  : Successfully done setting workspace for the tool. 
17:51:45 INFO  : Registering command handlers for Vitis TCF services
17:51:50 INFO  : Successfully done query RDI_DATADIR 
18:50:22 INFO  : Checking for BSP changes to sync application flags for project 'OV7670_VGA'...
18:50:52 INFO  : Hardware specification for platform project 'design_1_wrapper' is updated.
18:51:11 INFO  : Checking for BSP changes to sync application flags for project 'OV7670_VGA'...
00:45:49 INFO  : Launching XSCT server: xsct.bat -n  -interactive C:\Github\Zybo_OV7670\OV7670_VGA\temp_xsdb_launch_script.tcl
00:45:54 INFO  : XSCT server has started successfully.
00:45:54 INFO  : plnx-install-location is set to ''
00:45:54 INFO  : Successfully done setting XSCT server connection channel  
00:45:54 INFO  : Successfully done setting workspace for the tool. 
00:45:59 INFO  : Registering command handlers for Vitis TCF services
00:46:03 INFO  : Successfully done query RDI_DATADIR 
00:57:30 INFO  : Hardware specification for platform project 'design_1_wrapper' is updated.
00:59:18 INFO  : Checking for BSP changes to sync application flags for project 'OV7670_VGA'...
01:00:07 INFO  : The hardware specfication used by project 'OV7670_VGA' is out of sync with the platform. Resource files extracted from the hardware specfiication will be updated.
01:00:07 INFO  : The file 'C:\Github\Zybo_OV7670\OV7670_VGA\OV7670_VGA\_ide\bitstream\design_1_wrapper.bit' stored in project is removed.
01:00:07 INFO  : The updated bitstream files are copied from platform to folder 'C:\Github\Zybo_OV7670\OV7670_VGA\OV7670_VGA\_ide\bitstream' in project 'OV7670_VGA'.
01:00:07 INFO  : The file 'C:\Github\Zybo_OV7670\OV7670_VGA\OV7670_VGA\_ide\psinit\ps7_init.tcl' stored in project is removed.
01:00:19 INFO  : The updated ps init files are copied from platform to folder 'C:\Github\Zybo_OV7670\OV7670_VGA\OV7670_VGA\_ide\psinit' in project 'OV7670_VGA'.
01:00:20 INFO  : Connected to target on host '127.0.0.1' and port '3121'.
01:00:20 INFO  : Jtag cable 'Digilent Zybo Z7 210351A6C9E3A' is selected.
01:00:20 INFO  : 'jtag frequency' command is executed.
01:00:21 INFO  : Context for 'APU' is selected.
01:00:21 INFO  : System reset is completed.
01:00:24 INFO  : 'after 3000' command is executed.
01:00:24 INFO  : 'targets -set -filter {jtag_cable_name =~ "Digilent Zybo Z7 210351A6C9E3A" && level==0} -index 1' command is executed.
01:00:26 INFO  : FPGA configured successfully with bitstream "C:/Github/Zybo_OV7670/OV7670_VGA/OV7670_VGA/_ide/bitstream/design_1_wrapper.bit"
01:00:26 INFO  : Context for 'APU' is selected.
01:00:27 INFO  : Hardware design information is loaded from 'C:/Github/Zybo_OV7670/OV7670_VGA/design_1_wrapper/export/design_1_wrapper/hw/design_1_wrapper.xsa'.
01:00:27 INFO  : 'configparams force-mem-access 1' command is executed.
01:00:27 INFO  : Context for 'APU' is selected.
01:00:27 INFO  : Sourcing of 'C:/Github/Zybo_OV7670/OV7670_VGA/OV7670_VGA/_ide/psinit/ps7_init.tcl' is done.
01:00:28 INFO  : 'ps7_init' command is executed.
01:00:28 INFO  : 'ps7_post_config' command is executed.
01:00:28 INFO  : Context for processor 'ps7_cortexa9_0' is selected.
01:00:29 INFO  : The application 'C:/Github/Zybo_OV7670/OV7670_VGA/OV7670_VGA/Debug/OV7670_VGA.elf' is downloaded to processor 'ps7_cortexa9_0'.
01:00:30 INFO  : 'configparams force-mem-access 0' command is executed.
01:00:30 INFO  : ----------------XSDB Script----------------
connect -url tcp:127.0.0.1:3121
targets -set -nocase -filter {name =~"APU*"}
rst -system
after 3000
targets -set -filter {jtag_cable_name =~ "Digilent Zybo Z7 210351A6C9E3A" && level==0} -index 1
fpga -file C:/Github/Zybo_OV7670/OV7670_VGA/OV7670_VGA/_ide/bitstream/design_1_wrapper.bit
targets -set -nocase -filter {name =~"APU*"}
loadhw -hw C:/Github/Zybo_OV7670/OV7670_VGA/design_1_wrapper/export/design_1_wrapper/hw/design_1_wrapper.xsa -mem-ranges [list {0x40000000 0xbfffffff}]
configparams force-mem-access 1
targets -set -nocase -filter {name =~"APU*"}
source C:/Github/Zybo_OV7670/OV7670_VGA/OV7670_VGA/_ide/psinit/ps7_init.tcl
ps7_init
ps7_post_config
targets -set -nocase -filter {name =~ "*A9*#0"}
dow C:/Github/Zybo_OV7670/OV7670_VGA/OV7670_VGA/Debug/OV7670_VGA.elf
configparams force-mem-access 0
----------------End of Script----------------

01:00:30 INFO  : Memory regions updated for context APU
01:00:30 INFO  : Context for processor 'ps7_cortexa9_0' is selected.
01:00:30 INFO  : 'con' command is executed.
01:00:30 INFO  : ----------------XSDB Script (After Launch)----------------
targets -set -nocase -filter {name =~ "*A9*#0"}
con
----------------End of Script----------------

01:00:30 INFO  : Launch script is exported to file 'C:\Github\Zybo_OV7670\OV7670_VGA\.sdk\launch_scripts\single_application_debug\debugger_ov7670_vga-default.tcl'
01:02:48 INFO  : Disconnected from the channel tcfchan#2.
01:02:50 INFO  : Connected to target on host '127.0.0.1' and port '3121'.
01:02:50 INFO  : Jtag cable 'Digilent Zybo Z7 210351A6C9E3A' is selected.
01:02:50 INFO  : 'jtag frequency' command is executed.
01:02:50 INFO  : Context for 'APU' is selected.
01:02:50 INFO  : System reset is completed.
01:02:53 INFO  : 'after 3000' command is executed.
01:02:53 INFO  : 'targets -set -filter {jtag_cable_name =~ "Digilent Zybo Z7 210351A6C9E3A" && level==0} -index 1' command is executed.
01:02:56 INFO  : FPGA configured successfully with bitstream "C:/Github/Zybo_OV7670/OV7670_VGA/OV7670_VGA/_ide/bitstream/design_1_wrapper.bit"
01:02:56 INFO  : Context for 'APU' is selected.
01:02:56 INFO  : Hardware design information is loaded from 'C:/Github/Zybo_OV7670/OV7670_VGA/design_1_wrapper/export/design_1_wrapper/hw/design_1_wrapper.xsa'.
01:02:56 INFO  : 'configparams force-mem-access 1' command is executed.
01:02:56 INFO  : Context for 'APU' is selected.
01:02:56 INFO  : Sourcing of 'C:/Github/Zybo_OV7670/OV7670_VGA/OV7670_VGA/_ide/psinit/ps7_init.tcl' is done.
01:02:58 INFO  : 'ps7_init' command is executed.
01:02:58 INFO  : 'ps7_post_config' command is executed.
01:02:58 INFO  : Context for processor 'ps7_cortexa9_0' is selected.
01:02:59 INFO  : The application 'C:/Github/Zybo_OV7670/OV7670_VGA/OV7670_VGA/Debug/OV7670_VGA.elf' is downloaded to processor 'ps7_cortexa9_0'.
01:02:59 INFO  : 'configparams force-mem-access 0' command is executed.
01:02:59 INFO  : ----------------XSDB Script----------------
connect -url tcp:127.0.0.1:3121
targets -set -nocase -filter {name =~"APU*"}
rst -system
after 3000
targets -set -filter {jtag_cable_name =~ "Digilent Zybo Z7 210351A6C9E3A" && level==0} -index 1
fpga -file C:/Github/Zybo_OV7670/OV7670_VGA/OV7670_VGA/_ide/bitstream/design_1_wrapper.bit
targets -set -nocase -filter {name =~"APU*"}
loadhw -hw C:/Github/Zybo_OV7670/OV7670_VGA/design_1_wrapper/export/design_1_wrapper/hw/design_1_wrapper.xsa -mem-ranges [list {0x40000000 0xbfffffff}]
configparams force-mem-access 1
targets -set -nocase -filter {name =~"APU*"}
source C:/Github/Zybo_OV7670/OV7670_VGA/OV7670_VGA/_ide/psinit/ps7_init.tcl
ps7_init
ps7_post_config
targets -set -nocase -filter {name =~ "*A9*#0"}
dow C:/Github/Zybo_OV7670/OV7670_VGA/OV7670_VGA/Debug/OV7670_VGA.elf
configparams force-mem-access 0
----------------End of Script----------------

01:02:59 INFO  : Memory regions updated for context APU
01:02:59 INFO  : Context for processor 'ps7_cortexa9_0' is selected.
01:02:59 INFO  : 'con' command is executed.
01:02:59 INFO  : ----------------XSDB Script (After Launch)----------------
targets -set -nocase -filter {name =~ "*A9*#0"}
con
----------------End of Script----------------

01:02:59 INFO  : Launch script is exported to file 'C:\Github\Zybo_OV7670\OV7670_VGA\.sdk\launch_scripts\single_application_debug\debugger_ov7670_vga-default.tcl'
01:05:10 INFO  : Disconnected from the channel tcfchan#3.
01:05:11 INFO  : Connected to target on host '127.0.0.1' and port '3121'.
01:05:12 INFO  : Jtag cable 'Digilent Zybo Z7 210351A6C9E3A' is selected.
01:05:12 INFO  : 'jtag frequency' command is executed.
01:05:12 INFO  : Context for 'APU' is selected.
01:05:12 INFO  : System reset is completed.
01:05:15 INFO  : 'after 3000' command is executed.
01:05:16 INFO  : 'targets -set -filter {jtag_cable_name =~ "Digilent Zybo Z7 210351A6C9E3A" && level==0} -index 1' command is executed.
01:05:18 INFO  : FPGA configured successfully with bitstream "C:/Github/Zybo_OV7670/OV7670_VGA/OV7670_VGA/_ide/bitstream/design_1_wrapper.bit"
01:05:18 INFO  : Context for 'APU' is selected.
01:05:18 INFO  : Hardware design information is loaded from 'C:/Github/Zybo_OV7670/OV7670_VGA/design_1_wrapper/export/design_1_wrapper/hw/design_1_wrapper.xsa'.
01:05:18 INFO  : 'configparams force-mem-access 1' command is executed.
01:05:18 INFO  : Context for 'APU' is selected.
01:05:18 INFO  : Sourcing of 'C:/Github/Zybo_OV7670/OV7670_VGA/OV7670_VGA/_ide/psinit/ps7_init.tcl' is done.
01:05:20 INFO  : 'ps7_init' command is executed.
01:05:20 INFO  : 'ps7_post_config' command is executed.
01:05:20 INFO  : Context for processor 'ps7_cortexa9_0' is selected.
01:05:21 INFO  : The application 'C:/Github/Zybo_OV7670/OV7670_VGA/OV7670_VGA/Debug/OV7670_VGA.elf' is downloaded to processor 'ps7_cortexa9_0'.
01:05:21 INFO  : 'configparams force-mem-access 0' command is executed.
01:05:21 INFO  : ----------------XSDB Script----------------
connect -url tcp:127.0.0.1:3121
targets -set -nocase -filter {name =~"APU*"}
rst -system
after 3000
targets -set -filter {jtag_cable_name =~ "Digilent Zybo Z7 210351A6C9E3A" && level==0} -index 1
fpga -file C:/Github/Zybo_OV7670/OV7670_VGA/OV7670_VGA/_ide/bitstream/design_1_wrapper.bit
targets -set -nocase -filter {name =~"APU*"}
loadhw -hw C:/Github/Zybo_OV7670/OV7670_VGA/design_1_wrapper/export/design_1_wrapper/hw/design_1_wrapper.xsa -mem-ranges [list {0x40000000 0xbfffffff}]
configparams force-mem-access 1
targets -set -nocase -filter {name =~"APU*"}
source C:/Github/Zybo_OV7670/OV7670_VGA/OV7670_VGA/_ide/psinit/ps7_init.tcl
ps7_init
ps7_post_config
targets -set -nocase -filter {name =~ "*A9*#0"}
dow C:/Github/Zybo_OV7670/OV7670_VGA/OV7670_VGA/Debug/OV7670_VGA.elf
configparams force-mem-access 0
----------------End of Script----------------

01:05:21 INFO  : Memory regions updated for context APU
01:05:21 INFO  : Context for processor 'ps7_cortexa9_0' is selected.
01:05:21 INFO  : 'con' command is executed.
01:05:21 INFO  : ----------------XSDB Script (After Launch)----------------
targets -set -nocase -filter {name =~ "*A9*#0"}
con
----------------End of Script----------------

01:05:21 INFO  : Launch script is exported to file 'C:\Github\Zybo_OV7670\OV7670_VGA\.sdk\launch_scripts\single_application_debug\systemdebugger_ov7670_vga_system_standalone.tcl'
01:06:05 INFO  : Disconnected from the channel tcfchan#4.
01:06:05 INFO  : Connected to target on host '127.0.0.1' and port '3121'.
01:06:06 INFO  : Jtag cable 'Digilent Zybo Z7 210351A6C9E3A' is selected.
01:06:06 INFO  : 'jtag frequency' command is executed.
01:06:06 INFO  : Context for 'APU' is selected.
01:06:06 INFO  : System reset is completed.
01:06:09 INFO  : 'after 3000' command is executed.
01:06:09 INFO  : 'targets -set -filter {jtag_cable_name =~ "Digilent Zybo Z7 210351A6C9E3A" && level==0} -index 1' command is executed.
01:06:12 INFO  : FPGA configured successfully with bitstream "C:/Github/Zybo_OV7670/OV7670_VGA/OV7670_VGA/_ide/bitstream/design_1_wrapper.bit"
01:06:12 INFO  : Context for 'APU' is selected.
01:06:12 INFO  : Hardware design information is loaded from 'C:/Github/Zybo_OV7670/OV7670_VGA/design_1_wrapper/export/design_1_wrapper/hw/design_1_wrapper.xsa'.
01:06:12 INFO  : 'configparams force-mem-access 1' command is executed.
01:06:12 INFO  : Context for 'APU' is selected.
01:06:12 INFO  : Sourcing of 'C:/Github/Zybo_OV7670/OV7670_VGA/OV7670_VGA/_ide/psinit/ps7_init.tcl' is done.
01:06:13 INFO  : 'ps7_init' command is executed.
01:06:13 INFO  : 'ps7_post_config' command is executed.
01:06:13 INFO  : Context for processor 'ps7_cortexa9_0' is selected.
01:06:14 INFO  : The application 'C:/Github/Zybo_OV7670/OV7670_VGA/OV7670_VGA/Debug/OV7670_VGA.elf' is downloaded to processor 'ps7_cortexa9_0'.
01:06:15 INFO  : 'configparams force-mem-access 0' command is executed.
01:06:15 INFO  : ----------------XSDB Script----------------
connect -url tcp:127.0.0.1:3121
targets -set -nocase -filter {name =~"APU*"}
rst -system
after 3000
targets -set -filter {jtag_cable_name =~ "Digilent Zybo Z7 210351A6C9E3A" && level==0} -index 1
fpga -file C:/Github/Zybo_OV7670/OV7670_VGA/OV7670_VGA/_ide/bitstream/design_1_wrapper.bit
targets -set -nocase -filter {name =~"APU*"}
loadhw -hw C:/Github/Zybo_OV7670/OV7670_VGA/design_1_wrapper/export/design_1_wrapper/hw/design_1_wrapper.xsa -mem-ranges [list {0x40000000 0xbfffffff}]
configparams force-mem-access 1
targets -set -nocase -filter {name =~"APU*"}
source C:/Github/Zybo_OV7670/OV7670_VGA/OV7670_VGA/_ide/psinit/ps7_init.tcl
ps7_init
ps7_post_config
targets -set -nocase -filter {name =~ "*A9*#0"}
dow C:/Github/Zybo_OV7670/OV7670_VGA/OV7670_VGA/Debug/OV7670_VGA.elf
configparams force-mem-access 0
----------------End of Script----------------

01:06:15 INFO  : Memory regions updated for context APU
01:06:15 INFO  : Context for processor 'ps7_cortexa9_0' is selected.
01:06:15 INFO  : 'con' command is executed.
01:06:15 INFO  : ----------------XSDB Script (After Launch)----------------
targets -set -nocase -filter {name =~ "*A9*#0"}
con
----------------End of Script----------------

01:06:15 INFO  : Launch script is exported to file 'C:\Github\Zybo_OV7670\OV7670_VGA\.sdk\launch_scripts\single_application_debug\systemdebugger_ov7670_vga_system_standalone.tcl'
01:07:02 INFO  : Disconnected from the channel tcfchan#5.
01:07:03 INFO  : Connected to target on host '127.0.0.1' and port '3121'.
01:07:04 INFO  : Jtag cable 'Digilent Zybo Z7 210351A6C9E3A' is selected.
01:07:04 INFO  : 'jtag frequency' command is executed.
01:07:04 INFO  : Context for 'APU' is selected.
01:07:04 INFO  : System reset is completed.
01:07:07 INFO  : 'after 3000' command is executed.
01:07:07 INFO  : 'targets -set -filter {jtag_cable_name =~ "Digilent Zybo Z7 210351A6C9E3A" && level==0} -index 1' command is executed.
01:07:09 INFO  : FPGA configured successfully with bitstream "C:/Github/Zybo_OV7670/OV7670_VGA/OV7670_VGA/_ide/bitstream/design_1_wrapper.bit"
01:07:10 INFO  : Context for 'APU' is selected.
01:07:10 INFO  : Hardware design information is loaded from 'C:/Github/Zybo_OV7670/OV7670_VGA/design_1_wrapper/export/design_1_wrapper/hw/design_1_wrapper.xsa'.
01:07:10 INFO  : 'configparams force-mem-access 1' command is executed.
01:07:10 INFO  : Context for 'APU' is selected.
01:07:10 INFO  : Sourcing of 'C:/Github/Zybo_OV7670/OV7670_VGA/OV7670_VGA/_ide/psinit/ps7_init.tcl' is done.
01:07:11 INFO  : 'ps7_init' command is executed.
01:07:11 INFO  : 'ps7_post_config' command is executed.
01:07:11 INFO  : Context for processor 'ps7_cortexa9_0' is selected.
01:07:12 INFO  : The application 'C:/Github/Zybo_OV7670/OV7670_VGA/OV7670_VGA/Debug/OV7670_VGA.elf' is downloaded to processor 'ps7_cortexa9_0'.
01:07:12 INFO  : 'configparams force-mem-access 0' command is executed.
01:07:12 INFO  : ----------------XSDB Script----------------
connect -url tcp:127.0.0.1:3121
targets -set -nocase -filter {name =~"APU*"}
rst -system
after 3000
targets -set -filter {jtag_cable_name =~ "Digilent Zybo Z7 210351A6C9E3A" && level==0} -index 1
fpga -file C:/Github/Zybo_OV7670/OV7670_VGA/OV7670_VGA/_ide/bitstream/design_1_wrapper.bit
targets -set -nocase -filter {name =~"APU*"}
loadhw -hw C:/Github/Zybo_OV7670/OV7670_VGA/design_1_wrapper/export/design_1_wrapper/hw/design_1_wrapper.xsa -mem-ranges [list {0x40000000 0xbfffffff}]
configparams force-mem-access 1
targets -set -nocase -filter {name =~"APU*"}
source C:/Github/Zybo_OV7670/OV7670_VGA/OV7670_VGA/_ide/psinit/ps7_init.tcl
ps7_init
ps7_post_config
targets -set -nocase -filter {name =~ "*A9*#0"}
dow C:/Github/Zybo_OV7670/OV7670_VGA/OV7670_VGA/Debug/OV7670_VGA.elf
configparams force-mem-access 0
----------------End of Script----------------

01:07:12 INFO  : Memory regions updated for context APU
01:07:12 INFO  : Context for processor 'ps7_cortexa9_0' is selected.
01:07:13 INFO  : 'con' command is executed.
01:07:13 INFO  : ----------------XSDB Script (After Launch)----------------
targets -set -nocase -filter {name =~ "*A9*#0"}
con
----------------End of Script----------------

01:07:13 INFO  : Launch script is exported to file 'C:\Github\Zybo_OV7670\OV7670_VGA\.sdk\launch_scripts\single_application_debug\debugger_ov7670_vga-default.tcl'
01:10:20 INFO  : Disconnected from the channel tcfchan#6.
01:10:21 INFO  : Connected to target on host '127.0.0.1' and port '3121'.
01:10:21 INFO  : Jtag cable 'Digilent Zybo Z7 210351A6C9E3A' is selected.
01:10:21 INFO  : 'jtag frequency' command is executed.
01:10:21 INFO  : Context for 'APU' is selected.
01:10:21 INFO  : System reset is completed.
01:10:24 INFO  : 'after 3000' command is executed.
01:10:24 INFO  : 'targets -set -filter {jtag_cable_name =~ "Digilent Zybo Z7 210351A6C9E3A" && level==0} -index 1' command is executed.
01:10:27 INFO  : FPGA configured successfully with bitstream "C:/Github/Zybo_OV7670/OV7670_VGA/OV7670_VGA/_ide/bitstream/design_1_wrapper.bit"
01:10:27 INFO  : Context for 'APU' is selected.
01:10:27 INFO  : Hardware design information is loaded from 'C:/Github/Zybo_OV7670/OV7670_VGA/design_1_wrapper/export/design_1_wrapper/hw/design_1_wrapper.xsa'.
01:10:27 INFO  : 'configparams force-mem-access 1' command is executed.
01:10:27 INFO  : Context for 'APU' is selected.
01:10:27 INFO  : Sourcing of 'C:/Github/Zybo_OV7670/OV7670_VGA/OV7670_VGA/_ide/psinit/ps7_init.tcl' is done.
01:10:29 INFO  : 'ps7_init' command is executed.
01:10:29 INFO  : 'ps7_post_config' command is executed.
01:10:29 INFO  : Context for processor 'ps7_cortexa9_0' is selected.
01:10:30 INFO  : The application 'C:/Github/Zybo_OV7670/OV7670_VGA/OV7670_VGA/Debug/OV7670_VGA.elf' is downloaded to processor 'ps7_cortexa9_0'.
01:10:30 INFO  : 'configparams force-mem-access 0' command is executed.
01:10:30 INFO  : ----------------XSDB Script----------------
connect -url tcp:127.0.0.1:3121
targets -set -nocase -filter {name =~"APU*"}
rst -system
after 3000
targets -set -filter {jtag_cable_name =~ "Digilent Zybo Z7 210351A6C9E3A" && level==0} -index 1
fpga -file C:/Github/Zybo_OV7670/OV7670_VGA/OV7670_VGA/_ide/bitstream/design_1_wrapper.bit
targets -set -nocase -filter {name =~"APU*"}
loadhw -hw C:/Github/Zybo_OV7670/OV7670_VGA/design_1_wrapper/export/design_1_wrapper/hw/design_1_wrapper.xsa -mem-ranges [list {0x40000000 0xbfffffff}]
configparams force-mem-access 1
targets -set -nocase -filter {name =~"APU*"}
source C:/Github/Zybo_OV7670/OV7670_VGA/OV7670_VGA/_ide/psinit/ps7_init.tcl
ps7_init
ps7_post_config
targets -set -nocase -filter {name =~ "*A9*#0"}
dow C:/Github/Zybo_OV7670/OV7670_VGA/OV7670_VGA/Debug/OV7670_VGA.elf
configparams force-mem-access 0
----------------End of Script----------------

01:10:30 INFO  : Memory regions updated for context APU
01:10:30 INFO  : Context for processor 'ps7_cortexa9_0' is selected.
01:10:30 INFO  : 'con' command is executed.
01:10:30 INFO  : ----------------XSDB Script (After Launch)----------------
targets -set -nocase -filter {name =~ "*A9*#0"}
con
----------------End of Script----------------

01:10:30 INFO  : Launch script is exported to file 'C:\Github\Zybo_OV7670\OV7670_VGA\.sdk\launch_scripts\single_application_debug\debugger_ov7670_vga-default.tcl'
01:18:28 INFO  : Checking for BSP changes to sync application flags for project 'OV7670_VGA'...
01:20:10 ERROR : Failed to openhw "C:/Github/Zybo_OV7670/OV7670_VGA/design_1_wrapper/export/design_1_wrapper/hw/design_1_wrapper.xsa"
Reason: ERROR: [Common 17-39] 'hsi::open_hw_design' failed due to earlier errors.

01:20:15 ERROR : Failed to openhw "C:/Github/Zybo_OV7670/OV7670_VGA/design_1_wrapper/export/design_1_wrapper/hw/design_1_wrapper.xsa"
Reason: ERROR: [Common 17-39] 'hsi::open_hw_design' failed due to earlier errors.

01:20:19 ERROR : Failed to read platform from project 'OV7670_VGA_system'.
Reason: Failed to execute command 'platform read {C:/Github/Zybo_OV7670/OV7670_VGA/OV7670_VGA_system/platform.spr}'. Click on details for more information.
01:20:25 ERROR : Failed to openhw "C:/Github/Zybo_OV7670/OV7670_VGA/design_1_wrapper/export/design_1_wrapper/hw/design_1_wrapper.xsa"
Reason: ERROR: [Common 17-39] 'hsi::open_hw_design' failed due to earlier errors.

01:22:32 INFO  : Checking for BSP changes to sync application flags for project 'OV7670_VGA'...
01:23:22 INFO  : Hardware specification for platform project 'design_1_wrapper' is updated.
01:23:34 INFO  : Checking for BSP changes to sync application flags for project 'OV7670_VGA'...
01:24:44 INFO  : Disconnected from the channel tcfchan#7.
01:24:45 INFO  : Connected to target on host '127.0.0.1' and port '3121'.
01:24:46 INFO  : Jtag cable 'Digilent Zybo Z7 210351A6C9E3A' is selected.
01:24:46 INFO  : 'jtag frequency' command is executed.
01:24:46 INFO  : Context for 'APU' is selected.
01:24:46 INFO  : System reset is completed.
01:24:49 INFO  : 'after 3000' command is executed.
01:24:49 INFO  : 'targets -set -filter {jtag_cable_name =~ "Digilent Zybo Z7 210351A6C9E3A" && level==0} -index 1' command is executed.
01:24:51 INFO  : FPGA configured successfully with bitstream "C:/Github/Zybo_OV7670/OV7670_VGA/OV7670_VGA/_ide/bitstream/design_1_wrapper.bit"
01:24:52 INFO  : Context for 'APU' is selected.
01:24:52 INFO  : Hardware design information is loaded from 'C:/Github/Zybo_OV7670/OV7670_VGA/design_1_wrapper/export/design_1_wrapper/hw/design_1_wrapper.xsa'.
01:24:52 INFO  : 'configparams force-mem-access 1' command is executed.
01:24:52 INFO  : Context for 'APU' is selected.
01:24:52 INFO  : Sourcing of 'C:/Github/Zybo_OV7670/OV7670_VGA/OV7670_VGA/_ide/psinit/ps7_init.tcl' is done.
01:24:53 INFO  : 'ps7_init' command is executed.
01:24:54 INFO  : 'ps7_post_config' command is executed.
01:24:54 INFO  : Context for processor 'ps7_cortexa9_0' is selected.
01:24:55 INFO  : The application 'C:/Github/Zybo_OV7670/OV7670_VGA/OV7670_VGA/Debug/OV7670_VGA.elf' is downloaded to processor 'ps7_cortexa9_0'.
01:24:55 INFO  : 'configparams force-mem-access 0' command is executed.
01:24:55 INFO  : ----------------XSDB Script----------------
connect -url tcp:127.0.0.1:3121
targets -set -nocase -filter {name =~"APU*"}
rst -system
after 3000
targets -set -filter {jtag_cable_name =~ "Digilent Zybo Z7 210351A6C9E3A" && level==0} -index 1
fpga -file C:/Github/Zybo_OV7670/OV7670_VGA/OV7670_VGA/_ide/bitstream/design_1_wrapper.bit
targets -set -nocase -filter {name =~"APU*"}
loadhw -hw C:/Github/Zybo_OV7670/OV7670_VGA/design_1_wrapper/export/design_1_wrapper/hw/design_1_wrapper.xsa -mem-ranges [list {0x40000000 0xbfffffff}]
configparams force-mem-access 1
targets -set -nocase -filter {name =~"APU*"}
source C:/Github/Zybo_OV7670/OV7670_VGA/OV7670_VGA/_ide/psinit/ps7_init.tcl
ps7_init
ps7_post_config
targets -set -nocase -filter {name =~ "*A9*#0"}
dow C:/Github/Zybo_OV7670/OV7670_VGA/OV7670_VGA/Debug/OV7670_VGA.elf
configparams force-mem-access 0
----------------End of Script----------------

01:24:55 INFO  : Memory regions updated for context APU
01:24:55 INFO  : Context for processor 'ps7_cortexa9_0' is selected.
01:24:55 INFO  : 'con' command is executed.
01:24:55 INFO  : ----------------XSDB Script (After Launch)----------------
targets -set -nocase -filter {name =~ "*A9*#0"}
con
----------------End of Script----------------

01:24:55 INFO  : Launch script is exported to file 'C:\Github\Zybo_OV7670\OV7670_VGA\.sdk\launch_scripts\single_application_debug\systemdebugger_ov7670_vga_system_standalone.tcl'
01:51:48 INFO  : Disconnected from the channel tcfchan#14.
19:50:50 INFO  : Launching XSCT server: xsct.bat -n  -interactive C:\Github\Zybo_OV7670\OV7670_VGA\temp_xsdb_launch_script.tcl
19:50:54 INFO  : XSCT server has started successfully.
19:50:55 INFO  : Successfully done setting XSCT server connection channel  
19:50:55 INFO  : plnx-install-location is set to ''
19:50:55 INFO  : Successfully done setting workspace for the tool. 
19:50:57 INFO  : Registering command handlers for Vitis TCF services
19:51:01 INFO  : Successfully done query RDI_DATADIR 
19:55:23 INFO  : Connected to target on host '127.0.0.1' and port '3121'.
19:55:27 INFO  : Jtag cable 'Digilent Zybo Z7 210351A6C9E3A' is selected.
19:55:27 INFO  : 'jtag frequency' command is executed.
19:55:28 INFO  : Context for 'APU' is selected.
19:55:28 INFO  : System reset is completed.
19:55:31 INFO  : 'after 3000' command is executed.
19:55:32 INFO  : 'targets -set -filter {jtag_cable_name =~ "Digilent Zybo Z7 210351A6C9E3A" && level==0} -index 1' command is executed.
19:55:35 INFO  : FPGA configured successfully with bitstream "C:/Github/Zybo_OV7670/OV7670_VGA/OV7670_VGA/_ide/bitstream/design_1_wrapper.bit"
19:55:35 INFO  : Context for 'APU' is selected.
19:55:35 INFO  : Hardware design information is loaded from 'C:/Github/Zybo_OV7670/OV7670_VGA/design_1_wrapper/export/design_1_wrapper/hw/design_1_wrapper.xsa'.
19:55:35 INFO  : 'configparams force-mem-access 1' command is executed.
19:55:35 INFO  : Context for 'APU' is selected.
19:55:35 INFO  : Sourcing of 'C:/Github/Zybo_OV7670/OV7670_VGA/OV7670_VGA/_ide/psinit/ps7_init.tcl' is done.
19:55:37 INFO  : 'ps7_init' command is executed.
19:55:37 INFO  : 'ps7_post_config' command is executed.
19:55:37 INFO  : Context for processor 'ps7_cortexa9_0' is selected.
19:55:38 INFO  : The application 'C:/Github/Zybo_OV7670/OV7670_VGA/OV7670_VGA/Debug/OV7670_VGA.elf' is downloaded to processor 'ps7_cortexa9_0'.
19:55:38 INFO  : 'configparams force-mem-access 0' command is executed.
19:55:38 INFO  : ----------------XSDB Script----------------
connect -url tcp:127.0.0.1:3121
targets -set -nocase -filter {name =~"APU*"}
rst -system
after 3000
targets -set -filter {jtag_cable_name =~ "Digilent Zybo Z7 210351A6C9E3A" && level==0} -index 1
fpga -file C:/Github/Zybo_OV7670/OV7670_VGA/OV7670_VGA/_ide/bitstream/design_1_wrapper.bit
targets -set -nocase -filter {name =~"APU*"}
loadhw -hw C:/Github/Zybo_OV7670/OV7670_VGA/design_1_wrapper/export/design_1_wrapper/hw/design_1_wrapper.xsa -mem-ranges [list {0x40000000 0xbfffffff}]
configparams force-mem-access 1
targets -set -nocase -filter {name =~"APU*"}
source C:/Github/Zybo_OV7670/OV7670_VGA/OV7670_VGA/_ide/psinit/ps7_init.tcl
ps7_init
ps7_post_config
targets -set -nocase -filter {name =~ "*A9*#0"}
dow C:/Github/Zybo_OV7670/OV7670_VGA/OV7670_VGA/Debug/OV7670_VGA.elf
configparams force-mem-access 0
----------------End of Script----------------

19:55:38 INFO  : Memory regions updated for context APU
19:55:38 INFO  : Context for processor 'ps7_cortexa9_0' is selected.
19:55:38 INFO  : 'con' command is executed.
19:55:38 INFO  : ----------------XSDB Script (After Launch)----------------
targets -set -nocase -filter {name =~ "*A9*#0"}
con
----------------End of Script----------------

19:55:38 INFO  : Launch script is exported to file 'C:\Github\Zybo_OV7670\OV7670_VGA\.sdk\launch_scripts\single_application_debug\systemdebugger_ov7670_vga_system_standalone.tcl'
19:56:14 INFO  : Checking for BSP changes to sync application flags for project 'OV7670_VGA'...
19:56:40 INFO  : Disconnected from the channel tcfchan#1.
19:56:40 INFO  : Connected to target on host '127.0.0.1' and port '3121'.
19:56:40 INFO  : Jtag cable 'Digilent Zybo Z7 210351A6C9E3A' is selected.
19:56:40 INFO  : 'jtag frequency' command is executed.
19:56:40 INFO  : Context for 'APU' is selected.
19:56:41 INFO  : System reset is completed.
19:56:44 INFO  : 'after 3000' command is executed.
19:56:44 INFO  : 'targets -set -filter {jtag_cable_name =~ "Digilent Zybo Z7 210351A6C9E3A" && level==0} -index 1' command is executed.
19:56:46 INFO  : FPGA configured successfully with bitstream "C:/Github/Zybo_OV7670/OV7670_VGA/OV7670_VGA/_ide/bitstream/design_1_wrapper.bit"
19:56:46 INFO  : Context for 'APU' is selected.
19:56:50 INFO  : Hardware design information is loaded from 'C:/Github/Zybo_OV7670/OV7670_VGA/design_1_wrapper/export/design_1_wrapper/hw/design_1_wrapper.xsa'.
19:56:50 INFO  : 'configparams force-mem-access 1' command is executed.
19:56:50 INFO  : Context for 'APU' is selected.
19:56:50 INFO  : Sourcing of 'C:/Github/Zybo_OV7670/OV7670_VGA/OV7670_VGA/_ide/psinit/ps7_init.tcl' is done.
19:56:51 INFO  : 'ps7_init' command is executed.
19:56:51 INFO  : 'ps7_post_config' command is executed.
19:56:52 INFO  : Context for processor 'ps7_cortexa9_0' is selected.
19:56:53 INFO  : The application 'C:/Github/Zybo_OV7670/OV7670_VGA/OV7670_VGA/Debug/OV7670_VGA.elf' is downloaded to processor 'ps7_cortexa9_0'.
19:56:53 INFO  : 'configparams force-mem-access 0' command is executed.
19:56:53 INFO  : ----------------XSDB Script----------------
connect -url tcp:127.0.0.1:3121
targets -set -nocase -filter {name =~"APU*"}
rst -system
after 3000
targets -set -filter {jtag_cable_name =~ "Digilent Zybo Z7 210351A6C9E3A" && level==0} -index 1
fpga -file C:/Github/Zybo_OV7670/OV7670_VGA/OV7670_VGA/_ide/bitstream/design_1_wrapper.bit
targets -set -nocase -filter {name =~"APU*"}
loadhw -hw C:/Github/Zybo_OV7670/OV7670_VGA/design_1_wrapper/export/design_1_wrapper/hw/design_1_wrapper.xsa -mem-ranges [list {0x40000000 0xbfffffff}]
configparams force-mem-access 1
targets -set -nocase -filter {name =~"APU*"}
source C:/Github/Zybo_OV7670/OV7670_VGA/OV7670_VGA/_ide/psinit/ps7_init.tcl
ps7_init
ps7_post_config
targets -set -nocase -filter {name =~ "*A9*#0"}
dow C:/Github/Zybo_OV7670/OV7670_VGA/OV7670_VGA/Debug/OV7670_VGA.elf
configparams force-mem-access 0
----------------End of Script----------------

19:56:53 INFO  : Memory regions updated for context APU
19:56:53 INFO  : Context for processor 'ps7_cortexa9_0' is selected.
19:56:53 INFO  : 'con' command is executed.
19:56:53 INFO  : ----------------XSDB Script (After Launch)----------------
targets -set -nocase -filter {name =~ "*A9*#0"}
con
----------------End of Script----------------

19:56:53 INFO  : Launch script is exported to file 'C:\Github\Zybo_OV7670\OV7670_VGA\.sdk\launch_scripts\single_application_debug\systemdebugger_ov7670_vga_system_standalone.tcl'
20:40:18 INFO  : Disconnected from the channel tcfchan#3.
20:40:18 INFO  : Connected to target on host '127.0.0.1' and port '3121'.
20:40:18 INFO  : Jtag cable 'Digilent Zybo Z7 210351A6C9E3A' is selected.
20:40:18 INFO  : 'jtag frequency' command is executed.
20:40:19 INFO  : Context for 'APU' is selected.
20:40:19 INFO  : System reset is completed.
20:40:22 INFO  : 'after 3000' command is executed.
20:40:22 INFO  : 'targets -set -filter {jtag_cable_name =~ "Digilent Zybo Z7 210351A6C9E3A" && level==0} -index 1' command is executed.
20:40:25 INFO  : FPGA configured successfully with bitstream "C:/Github/Zybo_OV7670/OV7670_VGA/OV7670_VGA/_ide/bitstream/design_1_wrapper.bit"
20:40:25 INFO  : Context for 'APU' is selected.
20:40:28 INFO  : Hardware design information is loaded from 'C:/Github/Zybo_OV7670/OV7670_VGA/design_1_wrapper/export/design_1_wrapper/hw/design_1_wrapper.xsa'.
20:40:28 INFO  : 'configparams force-mem-access 1' command is executed.
20:40:28 INFO  : Context for 'APU' is selected.
20:40:28 INFO  : Sourcing of 'C:/Github/Zybo_OV7670/OV7670_VGA/OV7670_VGA/_ide/psinit/ps7_init.tcl' is done.
20:40:29 INFO  : 'ps7_init' command is executed.
20:40:29 INFO  : 'ps7_post_config' command is executed.
20:40:29 INFO  : Context for processor 'ps7_cortexa9_0' is selected.
20:40:31 INFO  : The application 'C:/Github/Zybo_OV7670/OV7670_VGA/OV7670_VGA/Debug/OV7670_VGA.elf' is downloaded to processor 'ps7_cortexa9_0'.
20:40:31 INFO  : 'configparams force-mem-access 0' command is executed.
20:40:31 INFO  : ----------------XSDB Script----------------
connect -url tcp:127.0.0.1:3121
targets -set -nocase -filter {name =~"APU*"}
rst -system
after 3000
targets -set -filter {jtag_cable_name =~ "Digilent Zybo Z7 210351A6C9E3A" && level==0} -index 1
fpga -file C:/Github/Zybo_OV7670/OV7670_VGA/OV7670_VGA/_ide/bitstream/design_1_wrapper.bit
targets -set -nocase -filter {name =~"APU*"}
loadhw -hw C:/Github/Zybo_OV7670/OV7670_VGA/design_1_wrapper/export/design_1_wrapper/hw/design_1_wrapper.xsa -mem-ranges [list {0x40000000 0xbfffffff}]
configparams force-mem-access 1
targets -set -nocase -filter {name =~"APU*"}
source C:/Github/Zybo_OV7670/OV7670_VGA/OV7670_VGA/_ide/psinit/ps7_init.tcl
ps7_init
ps7_post_config
targets -set -nocase -filter {name =~ "*A9*#0"}
dow C:/Github/Zybo_OV7670/OV7670_VGA/OV7670_VGA/Debug/OV7670_VGA.elf
configparams force-mem-access 0
----------------End of Script----------------

20:40:31 INFO  : Memory regions updated for context APU
20:40:31 INFO  : Context for processor 'ps7_cortexa9_0' is selected.
20:40:31 INFO  : 'con' command is executed.
20:40:31 INFO  : ----------------XSDB Script (After Launch)----------------
targets -set -nocase -filter {name =~ "*A9*#0"}
con
----------------End of Script----------------

20:40:31 INFO  : Launch script is exported to file 'C:\Github\Zybo_OV7670\OV7670_VGA\.sdk\launch_scripts\single_application_debug\systemdebugger_ov7670_vga_system_standalone.tcl'
21:30:40 ERROR : Failed to update hardware specification for project 'design_1_wrapper'.
Reason: Failed to execute command 'platform config -updatehw {C:/Github/Zybo_OV7670/OV7670_VGA/design_1_wrapper.xsa}'. Click on details for more information.
21:31:01 ERROR : Failed to update hardware specification for project 'design_1_wrapper'.
Reason: Failed to execute command 'platform config -updatehw {C:/Github/Zybo_OV7670/OV7670_VGA/design_1_wrapper.xsa}'. Click on details for more information.
21:31:26 INFO  : Checking for BSP changes to sync application flags for project 'OV7670_VGA'...
21:31:50 INFO  : Disconnected from the channel tcfchan#4.
21:31:50 INFO  : Connected to target on host '127.0.0.1' and port '3121'.
21:31:50 INFO  : Jtag cable 'Digilent Zybo Z7 210351A6C9E3A' is selected.
21:31:50 INFO  : 'jtag frequency' command is executed.
21:31:51 INFO  : Context for 'APU' is selected.
21:31:51 INFO  : System reset is completed.
21:31:54 INFO  : 'after 3000' command is executed.
21:31:54 INFO  : 'targets -set -filter {jtag_cable_name =~ "Digilent Zybo Z7 210351A6C9E3A" && level==0} -index 1' command is executed.
21:31:56 INFO  : FPGA configured successfully with bitstream "C:/Github/Zybo_OV7670/OV7670_VGA/OV7670_VGA/_ide/bitstream/design_1_wrapper.bit"
21:31:56 INFO  : Context for 'APU' is selected.
21:32:00 INFO  : Hardware design information is loaded from 'C:/Github/Zybo_OV7670/OV7670_VGA/design_1_wrapper/export/design_1_wrapper/hw/design_1_wrapper.xsa'.
21:32:00 INFO  : 'configparams force-mem-access 1' command is executed.
21:32:00 INFO  : Context for 'APU' is selected.
21:32:00 INFO  : Sourcing of 'C:/Github/Zybo_OV7670/OV7670_VGA/OV7670_VGA/_ide/psinit/ps7_init.tcl' is done.
21:32:02 INFO  : 'ps7_init' command is executed.
21:32:02 INFO  : 'ps7_post_config' command is executed.
21:32:02 INFO  : Context for processor 'ps7_cortexa9_0' is selected.
21:32:03 INFO  : The application 'C:/Github/Zybo_OV7670/OV7670_VGA/OV7670_VGA/Debug/OV7670_VGA.elf' is downloaded to processor 'ps7_cortexa9_0'.
21:32:03 INFO  : 'configparams force-mem-access 0' command is executed.
21:32:03 INFO  : ----------------XSDB Script----------------
connect -url tcp:127.0.0.1:3121
targets -set -nocase -filter {name =~"APU*"}
rst -system
after 3000
targets -set -filter {jtag_cable_name =~ "Digilent Zybo Z7 210351A6C9E3A" && level==0} -index 1
fpga -file C:/Github/Zybo_OV7670/OV7670_VGA/OV7670_VGA/_ide/bitstream/design_1_wrapper.bit
targets -set -nocase -filter {name =~"APU*"}
loadhw -hw C:/Github/Zybo_OV7670/OV7670_VGA/design_1_wrapper/export/design_1_wrapper/hw/design_1_wrapper.xsa -mem-ranges [list {0x40000000 0xbfffffff}]
configparams force-mem-access 1
targets -set -nocase -filter {name =~"APU*"}
source C:/Github/Zybo_OV7670/OV7670_VGA/OV7670_VGA/_ide/psinit/ps7_init.tcl
ps7_init
ps7_post_config
targets -set -nocase -filter {name =~ "*A9*#0"}
dow C:/Github/Zybo_OV7670/OV7670_VGA/OV7670_VGA/Debug/OV7670_VGA.elf
configparams force-mem-access 0
----------------End of Script----------------

21:32:03 INFO  : Memory regions updated for context APU
21:32:03 INFO  : Context for processor 'ps7_cortexa9_0' is selected.
21:32:03 INFO  : 'con' command is executed.
21:32:03 INFO  : ----------------XSDB Script (After Launch)----------------
targets -set -nocase -filter {name =~ "*A9*#0"}
con
----------------End of Script----------------

21:32:03 INFO  : Launch script is exported to file 'C:\Github\Zybo_OV7670\OV7670_VGA\.sdk\launch_scripts\single_application_debug\systemdebugger_ov7670_vga_system_standalone.tcl'
23:05:39 ERROR : Failed to openhw "C:/Github/Zybo_OV7670/OV7670_VGA/design_1_wrapper/export/design_1_wrapper/hw/design_1_wrapper.xsa"
Reason: ERROR: [Common 17-39] 'hsi::open_hw_design' failed due to earlier errors.

23:06:11 INFO  : Hardware specification for platform project 'design_1_wrapper' is updated.
23:06:14 ERROR : Failed to openhw "C:/Github/Zybo_OV7670/OV7670_VGA/design_1_wrapper/export/design_1_wrapper/hw/design_1_wrapper.xsa"
Reason: ERROR: [Common 17-39] 'hsi::open_hw_design' failed due to earlier errors.

23:07:46 INFO  : Checking for BSP changes to sync application flags for project 'OV7670_VGA'...
23:07:56 INFO  : The hardware specfication used by project 'OV7670_VGA' is out of sync with the platform. Resource files extracted from the hardware specfiication will be updated.
23:07:56 INFO  : The file 'C:\Github\Zybo_OV7670\OV7670_VGA\OV7670_VGA\_ide\bitstream\design_1_wrapper.bit' stored in project is removed.
23:07:56 INFO  : The updated bitstream files are copied from platform to folder 'C:\Github\Zybo_OV7670\OV7670_VGA\OV7670_VGA\_ide\bitstream' in project 'OV7670_VGA'.
23:07:56 INFO  : The file 'C:\Github\Zybo_OV7670\OV7670_VGA\OV7670_VGA\_ide\psinit\ps7_init.tcl' stored in project is removed.
23:08:09 INFO  : The updated ps init files are copied from platform to folder 'C:\Github\Zybo_OV7670\OV7670_VGA\OV7670_VGA\_ide\psinit' in project 'OV7670_VGA'.
23:09:37 INFO  : Disconnected from the channel tcfchan#7.
23:09:37 INFO  : Connected to target on host '127.0.0.1' and port '3121'.
23:09:38 INFO  : Jtag cable 'Digilent Zybo Z7 210351A6C9E3A' is selected.
23:09:38 INFO  : 'jtag frequency' command is executed.
23:09:38 INFO  : Context for 'APU' is selected.
23:09:38 INFO  : System reset is completed.
23:09:41 INFO  : 'after 3000' command is executed.
23:09:41 INFO  : 'targets -set -filter {jtag_cable_name =~ "Digilent Zybo Z7 210351A6C9E3A" && level==0} -index 1' command is executed.
23:09:44 INFO  : FPGA configured successfully with bitstream "C:/Github/Zybo_OV7670/OV7670_VGA/OV7670_VGA/_ide/bitstream/design_1_wrapper.bit"
23:09:44 INFO  : Context for 'APU' is selected.
23:09:44 INFO  : Hardware design information is loaded from 'C:/Github/Zybo_OV7670/OV7670_VGA/design_1_wrapper/export/design_1_wrapper/hw/design_1_wrapper.xsa'.
23:09:44 INFO  : 'configparams force-mem-access 1' command is executed.
23:09:44 INFO  : Context for 'APU' is selected.
23:09:44 INFO  : Sourcing of 'C:/Github/Zybo_OV7670/OV7670_VGA/OV7670_VGA/_ide/psinit/ps7_init.tcl' is done.
23:09:46 INFO  : 'ps7_init' command is executed.
23:09:46 INFO  : 'ps7_post_config' command is executed.
23:09:46 INFO  : Context for processor 'ps7_cortexa9_0' is selected.
23:09:47 INFO  : The application 'C:/Github/Zybo_OV7670/OV7670_VGA/OV7670_VGA/Debug/OV7670_VGA.elf' is downloaded to processor 'ps7_cortexa9_0'.
23:09:47 INFO  : 'configparams force-mem-access 0' command is executed.
23:09:47 INFO  : ----------------XSDB Script----------------
connect -url tcp:127.0.0.1:3121
targets -set -nocase -filter {name =~"APU*"}
rst -system
after 3000
targets -set -filter {jtag_cable_name =~ "Digilent Zybo Z7 210351A6C9E3A" && level==0} -index 1
fpga -file C:/Github/Zybo_OV7670/OV7670_VGA/OV7670_VGA/_ide/bitstream/design_1_wrapper.bit
targets -set -nocase -filter {name =~"APU*"}
loadhw -hw C:/Github/Zybo_OV7670/OV7670_VGA/design_1_wrapper/export/design_1_wrapper/hw/design_1_wrapper.xsa -mem-ranges [list {0x40000000 0xbfffffff}]
configparams force-mem-access 1
targets -set -nocase -filter {name =~"APU*"}
source C:/Github/Zybo_OV7670/OV7670_VGA/OV7670_VGA/_ide/psinit/ps7_init.tcl
ps7_init
ps7_post_config
targets -set -nocase -filter {name =~ "*A9*#0"}
dow C:/Github/Zybo_OV7670/OV7670_VGA/OV7670_VGA/Debug/OV7670_VGA.elf
configparams force-mem-access 0
----------------End of Script----------------

23:09:47 INFO  : Memory regions updated for context APU
23:09:47 INFO  : Context for processor 'ps7_cortexa9_0' is selected.
23:09:47 INFO  : 'con' command is executed.
23:09:47 INFO  : ----------------XSDB Script (After Launch)----------------
targets -set -nocase -filter {name =~ "*A9*#0"}
con
----------------End of Script----------------

23:09:47 INFO  : Launch script is exported to file 'C:\Github\Zybo_OV7670\OV7670_VGA\.sdk\launch_scripts\single_application_debug\systemdebugger_ov7670_vga_system_standalone.tcl'
23:35:23 INFO  : Hardware specification for platform project 'design_1_wrapper' is updated.
23:38:34 INFO  : Checking for BSP changes to sync application flags for project 'OV7670_VGA'...
23:41:50 INFO  : Disconnected from the channel tcfchan#12.
23:41:50 INFO  : Connected to target on host '127.0.0.1' and port '3121'.
23:41:51 INFO  : Jtag cable 'Digilent Zybo Z7 210351A6C9E3A' is selected.
23:41:51 INFO  : 'jtag frequency' command is executed.
23:41:51 INFO  : Context for 'APU' is selected.
23:41:51 INFO  : System reset is completed.
23:41:54 INFO  : 'after 3000' command is executed.
23:41:54 INFO  : 'targets -set -filter {jtag_cable_name =~ "Digilent Zybo Z7 210351A6C9E3A" && level==0} -index 1' command is executed.
23:41:57 INFO  : FPGA configured successfully with bitstream "C:/Github/Zybo_OV7670/OV7670_VGA/OV7670_VGA/_ide/bitstream/design_1_wrapper.bit"
23:41:57 INFO  : Context for 'APU' is selected.
23:41:57 INFO  : Hardware design information is loaded from 'C:/Github/Zybo_OV7670/OV7670_VGA/design_1_wrapper/export/design_1_wrapper/hw/design_1_wrapper.xsa'.
23:41:57 INFO  : 'configparams force-mem-access 1' command is executed.
23:41:57 INFO  : Context for 'APU' is selected.
23:41:57 INFO  : Sourcing of 'C:/Github/Zybo_OV7670/OV7670_VGA/OV7670_VGA/_ide/psinit/ps7_init.tcl' is done.
23:41:58 INFO  : 'ps7_init' command is executed.
23:41:58 INFO  : 'ps7_post_config' command is executed.
23:41:58 INFO  : Context for processor 'ps7_cortexa9_0' is selected.
23:41:59 INFO  : The application 'C:/Github/Zybo_OV7670/OV7670_VGA/OV7670_VGA/Debug/OV7670_VGA.elf' is downloaded to processor 'ps7_cortexa9_0'.
23:42:00 INFO  : 'configparams force-mem-access 0' command is executed.
23:42:00 INFO  : ----------------XSDB Script----------------
connect -url tcp:127.0.0.1:3121
targets -set -nocase -filter {name =~"APU*"}
rst -system
after 3000
targets -set -filter {jtag_cable_name =~ "Digilent Zybo Z7 210351A6C9E3A" && level==0} -index 1
fpga -file C:/Github/Zybo_OV7670/OV7670_VGA/OV7670_VGA/_ide/bitstream/design_1_wrapper.bit
targets -set -nocase -filter {name =~"APU*"}
loadhw -hw C:/Github/Zybo_OV7670/OV7670_VGA/design_1_wrapper/export/design_1_wrapper/hw/design_1_wrapper.xsa -mem-ranges [list {0x40000000 0xbfffffff}]
configparams force-mem-access 1
targets -set -nocase -filter {name =~"APU*"}
source C:/Github/Zybo_OV7670/OV7670_VGA/OV7670_VGA/_ide/psinit/ps7_init.tcl
ps7_init
ps7_post_config
targets -set -nocase -filter {name =~ "*A9*#0"}
dow C:/Github/Zybo_OV7670/OV7670_VGA/OV7670_VGA/Debug/OV7670_VGA.elf
configparams force-mem-access 0
----------------End of Script----------------

23:42:00 INFO  : Memory regions updated for context APU
23:42:00 INFO  : Context for processor 'ps7_cortexa9_0' is selected.
23:42:00 INFO  : 'con' command is executed.
23:42:00 INFO  : ----------------XSDB Script (After Launch)----------------
targets -set -nocase -filter {name =~ "*A9*#0"}
con
----------------End of Script----------------

23:42:00 INFO  : Launch script is exported to file 'C:\Github\Zybo_OV7670\OV7670_VGA\.sdk\launch_scripts\single_application_debug\systemdebugger_ov7670_vga_system_standalone.tcl'
23:55:06 INFO  : Disconnected from the channel tcfchan#15.
23:55:06 INFO  : Connected to target on host '127.0.0.1' and port '3121'.
23:55:07 INFO  : Jtag cable 'Digilent Zybo Z7 210351A6C9E3A' is selected.
23:55:07 INFO  : 'jtag frequency' command is executed.
23:55:07 INFO  : Context for 'APU' is selected.
23:55:07 INFO  : System reset is completed.
23:55:10 INFO  : 'after 3000' command is executed.
23:55:10 INFO  : 'targets -set -filter {jtag_cable_name =~ "Digilent Zybo Z7 210351A6C9E3A" && level==0} -index 1' command is executed.
23:55:13 INFO  : FPGA configured successfully with bitstream "C:/Github/Zybo_OV7670/OV7670_VGA/OV7670_VGA/_ide/bitstream/design_1_wrapper.bit"
23:55:13 INFO  : Context for 'APU' is selected.
23:55:13 INFO  : Hardware design information is loaded from 'C:/Github/Zybo_OV7670/OV7670_VGA/design_1_wrapper/export/design_1_wrapper/hw/design_1_wrapper.xsa'.
23:55:13 INFO  : 'configparams force-mem-access 1' command is executed.
23:55:13 INFO  : Context for 'APU' is selected.
23:55:13 INFO  : Sourcing of 'C:/Github/Zybo_OV7670/OV7670_VGA/OV7670_VGA/_ide/psinit/ps7_init.tcl' is done.
23:55:15 INFO  : 'ps7_init' command is executed.
23:55:15 INFO  : 'ps7_post_config' command is executed.
23:55:15 INFO  : Context for processor 'ps7_cortexa9_0' is selected.
23:55:16 INFO  : The application 'C:/Github/Zybo_OV7670/OV7670_VGA/OV7670_VGA/Debug/OV7670_VGA.elf' is downloaded to processor 'ps7_cortexa9_0'.
23:55:16 INFO  : 'configparams force-mem-access 0' command is executed.
23:55:16 INFO  : ----------------XSDB Script----------------
connect -url tcp:127.0.0.1:3121
targets -set -nocase -filter {name =~"APU*"}
rst -system
after 3000
targets -set -filter {jtag_cable_name =~ "Digilent Zybo Z7 210351A6C9E3A" && level==0} -index 1
fpga -file C:/Github/Zybo_OV7670/OV7670_VGA/OV7670_VGA/_ide/bitstream/design_1_wrapper.bit
targets -set -nocase -filter {name =~"APU*"}
loadhw -hw C:/Github/Zybo_OV7670/OV7670_VGA/design_1_wrapper/export/design_1_wrapper/hw/design_1_wrapper.xsa -mem-ranges [list {0x40000000 0xbfffffff}]
configparams force-mem-access 1
targets -set -nocase -filter {name =~"APU*"}
source C:/Github/Zybo_OV7670/OV7670_VGA/OV7670_VGA/_ide/psinit/ps7_init.tcl
ps7_init
ps7_post_config
targets -set -nocase -filter {name =~ "*A9*#0"}
dow C:/Github/Zybo_OV7670/OV7670_VGA/OV7670_VGA/Debug/OV7670_VGA.elf
configparams force-mem-access 0
----------------End of Script----------------

23:55:16 INFO  : Memory regions updated for context APU
23:55:16 INFO  : Context for processor 'ps7_cortexa9_0' is selected.
23:55:16 INFO  : 'con' command is executed.
23:55:16 INFO  : ----------------XSDB Script (After Launch)----------------
targets -set -nocase -filter {name =~ "*A9*#0"}
con
----------------End of Script----------------

23:55:16 INFO  : Launch script is exported to file 'C:\Github\Zybo_OV7670\OV7670_VGA\.sdk\launch_scripts\single_application_debug\systemdebugger_ov7670_vga_system_standalone.tcl'
23:55:52 INFO  : Disconnected from the channel tcfchan#16.
23:55:52 INFO  : Connected to target on host '127.0.0.1' and port '3121'.
23:55:52 INFO  : Jtag cable 'Digilent Zybo Z7 210351A6C9E3A' is selected.
23:55:52 INFO  : 'jtag frequency' command is executed.
23:55:53 INFO  : Context for 'APU' is selected.
23:55:53 INFO  : System reset is completed.
23:55:56 INFO  : 'after 3000' command is executed.
23:55:56 INFO  : 'targets -set -filter {jtag_cable_name =~ "Digilent Zybo Z7 210351A6C9E3A" && level==0} -index 1' command is executed.
23:55:58 INFO  : FPGA configured successfully with bitstream "C:/Github/Zybo_OV7670/OV7670_VGA/OV7670_VGA/_ide/bitstream/design_1_wrapper.bit"
23:55:58 INFO  : Context for 'APU' is selected.
23:55:58 INFO  : Hardware design information is loaded from 'C:/Github/Zybo_OV7670/OV7670_VGA/design_1_wrapper/export/design_1_wrapper/hw/design_1_wrapper.xsa'.
23:55:58 INFO  : 'configparams force-mem-access 1' command is executed.
23:55:59 INFO  : Context for 'APU' is selected.
23:55:59 INFO  : Sourcing of 'C:/Github/Zybo_OV7670/OV7670_VGA/OV7670_VGA/_ide/psinit/ps7_init.tcl' is done.
23:56:00 INFO  : 'ps7_init' command is executed.
23:56:00 INFO  : 'ps7_post_config' command is executed.
23:56:00 INFO  : Context for processor 'ps7_cortexa9_0' is selected.
23:56:01 INFO  : The application 'C:/Github/Zybo_OV7670/OV7670_VGA/OV7670_VGA/Debug/OV7670_VGA.elf' is downloaded to processor 'ps7_cortexa9_0'.
23:56:01 INFO  : 'configparams force-mem-access 0' command is executed.
23:56:01 INFO  : ----------------XSDB Script----------------
connect -url tcp:127.0.0.1:3121
targets -set -nocase -filter {name =~"APU*"}
rst -system
after 3000
targets -set -filter {jtag_cable_name =~ "Digilent Zybo Z7 210351A6C9E3A" && level==0} -index 1
fpga -file C:/Github/Zybo_OV7670/OV7670_VGA/OV7670_VGA/_ide/bitstream/design_1_wrapper.bit
targets -set -nocase -filter {name =~"APU*"}
loadhw -hw C:/Github/Zybo_OV7670/OV7670_VGA/design_1_wrapper/export/design_1_wrapper/hw/design_1_wrapper.xsa -mem-ranges [list {0x40000000 0xbfffffff}]
configparams force-mem-access 1
targets -set -nocase -filter {name =~"APU*"}
source C:/Github/Zybo_OV7670/OV7670_VGA/OV7670_VGA/_ide/psinit/ps7_init.tcl
ps7_init
ps7_post_config
targets -set -nocase -filter {name =~ "*A9*#0"}
dow C:/Github/Zybo_OV7670/OV7670_VGA/OV7670_VGA/Debug/OV7670_VGA.elf
configparams force-mem-access 0
----------------End of Script----------------

23:56:01 INFO  : Memory regions updated for context APU
23:56:01 INFO  : Context for processor 'ps7_cortexa9_0' is selected.
23:56:02 INFO  : 'con' command is executed.
23:56:02 INFO  : ----------------XSDB Script (After Launch)----------------
targets -set -nocase -filter {name =~ "*A9*#0"}
con
----------------End of Script----------------

23:56:02 INFO  : Launch script is exported to file 'C:\Github\Zybo_OV7670\OV7670_VGA\.sdk\launch_scripts\single_application_debug\systemdebugger_ov7670_vga_system_standalone.tcl'
01:06:57 INFO  : Disconnected from the channel tcfchan#17.
